ISim log file
Running: C:\Users\Aron_\Desktop\lessons\SecondYear1\CO\Verilog_Project\P6_L0_weak_2023\mips_txt_isim_beh.exe -intstyle ise -gui -tclbatch isim.cmd -wdb C:/Users/Aron_/Desktop/lessons/SecondYear1/CO/Verilog_Project/P6_L0_weak_2023/mips_txt_isim_beh.wdb 
ISim P.20131013 (signature 0x7708f090)
----------------------------------------------------------------------
WARNING:Security:42 - Your software subscription period has lapsed. Your current version of Xilinx tools will continue to function, but you no longer qualify for Xilinx software updates or new releases.


----------------------------------------------------------------------
This is a Full version of ISim.
Time resolution is 1 ps
# onerror resume
# wave add /
# run 5000 ns
Simulator is doing circuit initialization process.
Finished circuit initialization process.
                  38@00003000: $ 1 <= 01110000
                  42@00003004: $ 1 <= 01110111
                  46@00003008: $ 2 <= 02220000
                  50@0000300c: $ 2 <= 02220222
                  54@00003010: $ 3 <= 03330000
                  58@00003014: $ 3 <= 03330333
                  62@00003018: $ 4 <= 04440000
                  66@0000301c: $ 4 <= 04440444
                  70@00003020: $ 5 <= 05550000
                  74@00003024: $ 5 <= 05550555
                  78@00003028: $ 6 <= 03330333
                  82@0000302c: $ 7 <= 01110111
                  86@00003030: $ 8 <= 01110111
                  90@00003038: *00000008 <= 01110111
                  90@00003034: $ 8 <= 00000001
                  94@0000303c: *0000000c <= 00000222
                  98@00003040: *00000020 <= 00000033
                 106@00003044: $ 1 <= 00000033
                 110@00003048: $ 2 <= 00000002
                 114@0000304c: $ 3 <= 00000111
                 146@00003054: $ 4 <= 00000000
                 150@00003058: $ 5 <= 00000066
                 202@00003060: $ 4 <= 00000012
                 206@00003064: $ 5 <= 00000005
                 226@00003070: $ 1 <= 00000064
                 230@00003074: $ 2 <= 00000064
                 238@0000307c: *00000010 <= 00000064
                 254@0000308c: $31 <= 00003094
                 290@000030a0: $ 4 <= 00000000
                 294@000030a4: $ 5 <= 00002710
                 314@00003094: $ 1 <= 000000c8
                 318@00003098: $ 2 <= 0000012c
                 350@000030a0: $ 4 <= 00000000
                 354@000030a4: $ 5 <= 0000ea60
                 374@000030bc: $ 1 <= ffff0000
                 378@000030c0: $ 1 <= ffffffff
                 382@000030c4: $ 3 <= 00000000
                 386@000030c8: $ 4 <= 00000001
                 390@000030d0: *00000000 <= ffffffff
                 390@000030cc: $ 5 <= 00000000
                 394@000030d4: *00000000 <= ffffff01
                 398@000030d8: *00000000 <= ffff0101
                 402@000030dc: *00000000 <= ff010101
                 406@000030e0: *00000000 <= 01010101
                 410@000030e4: *00000000 <= ffffffff
                 414@000030e8: *00000000 <= ffff0001
                 418@000030ec: *00000000 <= 00010001
                 426@000030f0: $ 1 <= 12340000
                 430@000030f8: *00000004 <= 12345678
                 430@000030f4: $ 1 <= 12345678
                 438@000030fc: $ 2 <= 00000078
                 442@00003100: $ 2 <= 00000056
                 446@00003104: $ 2 <= 00000034
                 450@00003108: $ 2 <= 00000012
                 454@0000310c: $ 2 <= 00005678
                 458@00003110: $ 2 <= 00001234
                 462@00003118: *00000000 <= 00010034
                 462@00003114: $ 1 <= 00001234
                 478@00003120: $ 3 <= 00001234
                 482@00003124: $ 1 <= 80000000
                 486@00003128: $ 1 <= 80000004
                 490@0000312c: $ 2 <= 00000002
                 522@00003134: $ 3 <= ffffffff
                 526@00003138: $ 4 <= 00000008
                 558@00003140: $ 3 <= 00000001
                 562@00003148: *00000000 <= 00010834
                 562@00003144: $ 4 <= 00000008
                 570@0000314c: $ 4 <= 00000000
                 578@00003150: $ 1 <= 00000001
                 582@00003154: $31 <= 000030a8
                 586@00003158: $31 <= 00003160
                 590@0000315c: $31 <= 00003164
                 602@00003168: $ 4 <= 00000001
                 606@0000316c: $ 1 <= 00003178
                 610@00003170: $31 <= 00000000
                 618@00003178: $31 <= 00000014
                 622@00003178: $31 <= 00000028
                 630@00003180: $ 4 <= 00000004
                 642@00003168: $ 4 <= 00000005
                 646@0000316c: $ 1 <= 00003178
                 650@00003170: $31 <= 00000000
                 658@00003178: $31 <= 00000014
                 662@00003178: $31 <= 00000028
                 670@00003180: $ 4 <= 00000008
                 678@00003188: $ 1 <= 00000000
                 682@00003190: $31 <= 0000318c
                 686@00003194: $31 <= 00003194
                 698@0000319c: $31 <= 0000319c
                 702@00003194: $31 <= 000031a4
                 714@0000319c: $31 <= 000031ac
                 718@000031a4: $31 <= 000031ac
                 722@000031a8: $ 2 <= 00000008
                 730@0000319c: $31 <= 000031b4
                 734@000031ac: $31 <= 000031bc
                 738@000031b0: $31 <= 000031c0
                 750@000031b8: $ 1 <= 000031c0
                 762@000031c0: $ 1 <= 00640000
                 766@000031c0: $ 1 <= 00640000
