--------------------------------------------------------------------------------
Release 14.7 Trace  (nt64)
Copyright (c) 1995-2013 Xilinx, Inc.  All rights reserved.

C:\Xilinx\14.7\ISE_DS\ISE\bin\nt64\unwrapped\trce.exe -intstyle ise -v 3 -s 3
-n 3 -fastpaths -xml alu.twx alu.ncd -o alu.twr alu.pcf

Design file:              alu.ncd
Physical constraint file: alu.pcf
Device,package,speed:     xc7a100t,csg324,C,-3 (PRODUCTION 1.10 2013-10-13)
Report level:             verbose report

Environment Variable      Effect 
--------------------      ------ 
NONE                      No environment variables were set
--------------------------------------------------------------------------------

INFO:Timing:2698 - No timing constraints found, doing default enumeration.
INFO:Timing:3412 - To improve timing, see the Timing Closure User Guide (UG612).
INFO:Timing:2752 - To get complete path coverage, use the unconstrained paths 
   option. All paths that are not constrained will be reported in the 
   unconstrained paths section(s) of the report.
INFO:Timing:3339 - The clock-to-out numbers in this timing report are based on 
   a 50 Ohm transmission line loading model.  For the details of this model, 
   and for more information on accounting for different loading conditions, 
   please see the device datasheet.



Data Sheet report:
-----------------
All values displayed in nanoseconds (ns)

Pad to Pad
---------------+---------------+---------+
Source Pad     |Destination Pad|  Delay  |
---------------+---------------+---------+
A<0>           |C<0>           |    8.639|
A<0>           |C<1>           |    9.371|
A<0>           |C<2>           |    9.554|
A<0>           |C<3>           |    9.334|
A<0>           |C<4>           |    9.529|
A<0>           |C<5>           |    9.375|
A<0>           |C<6>           |    9.462|
A<0>           |C<7>           |    9.275|
A<0>           |C<8>           |    9.378|
A<0>           |C<9>           |    9.914|
A<0>           |C<10>          |    9.569|
A<0>           |C<11>          |    9.716|
A<0>           |C<12>          |    9.322|
A<0>           |C<13>          |   10.024|
A<0>           |C<14>          |    9.790|
A<0>           |C<15>          |    9.994|
A<0>           |C<16>          |    9.435|
A<0>           |C<17>          |   10.206|
A<0>           |C<18>          |    9.385|
A<0>           |C<19>          |    9.400|
A<0>           |C<20>          |   10.203|
A<0>           |C<21>          |    9.744|
A<0>           |C<22>          |    9.701|
A<0>           |C<23>          |   10.481|
A<0>           |C<24>          |   10.509|
A<0>           |C<25>          |   10.314|
A<0>           |C<26>          |   10.121|
A<0>           |C<27>          |    9.952|
A<0>           |C<28>          |   10.031|
A<0>           |C<29>          |   10.454|
A<0>           |C<30>          |    9.889|
A<0>           |C<31>          |    9.974|
A<1>           |C<0>           |    9.478|
A<1>           |C<1>           |    9.095|
A<1>           |C<2>           |    9.436|
A<1>           |C<3>           |    9.217|
A<1>           |C<4>           |    9.408|
A<1>           |C<5>           |    9.254|
A<1>           |C<6>           |    9.341|
A<1>           |C<7>           |    9.154|
A<1>           |C<8>           |    9.257|
A<1>           |C<9>           |    9.793|
A<1>           |C<10>          |    9.448|
A<1>           |C<11>          |    9.595|
A<1>           |C<12>          |    9.201|
A<1>           |C<13>          |    9.903|
A<1>           |C<14>          |    9.669|
A<1>           |C<15>          |    9.873|
A<1>           |C<16>          |    9.314|
A<1>           |C<17>          |   10.085|
A<1>           |C<18>          |    9.264|
A<1>           |C<19>          |    9.279|
A<1>           |C<20>          |   10.082|
A<1>           |C<21>          |    9.623|
A<1>           |C<22>          |    9.580|
A<1>           |C<23>          |   10.360|
A<1>           |C<24>          |   10.388|
A<1>           |C<25>          |   10.193|
A<1>           |C<26>          |   10.000|
A<1>           |C<27>          |    9.831|
A<1>           |C<28>          |    9.910|
A<1>           |C<29>          |   10.333|
A<1>           |C<30>          |    9.768|
A<1>           |C<31>          |    9.853|
A<2>           |C<0>           |    8.442|
A<2>           |C<1>           |    8.745|
A<2>           |C<2>           |    9.110|
A<2>           |C<3>           |    8.993|
A<2>           |C<4>           |    9.229|
A<2>           |C<5>           |    9.075|
A<2>           |C<6>           |    9.162|
A<2>           |C<7>           |    8.975|
A<2>           |C<8>           |    9.078|
A<2>           |C<9>           |    9.614|
A<2>           |C<10>          |    9.269|
A<2>           |C<11>          |    9.416|
A<2>           |C<12>          |    9.022|
A<2>           |C<13>          |    9.724|
A<2>           |C<14>          |    9.490|
A<2>           |C<15>          |    9.694|
A<2>           |C<16>          |    9.135|
A<2>           |C<17>          |    9.906|
A<2>           |C<18>          |    9.085|
A<2>           |C<19>          |    9.100|
A<2>           |C<20>          |    9.903|
A<2>           |C<21>          |    9.444|
A<2>           |C<22>          |    9.401|
A<2>           |C<23>          |   10.181|
A<2>           |C<24>          |   10.209|
A<2>           |C<25>          |   10.014|
A<2>           |C<26>          |    9.821|
A<2>           |C<27>          |    9.652|
A<2>           |C<28>          |    9.731|
A<2>           |C<29>          |   10.154|
A<2>           |C<30>          |    9.589|
A<2>           |C<31>          |    9.674|
A<3>           |C<0>           |    8.807|
A<3>           |C<1>           |    8.328|
A<3>           |C<2>           |    8.626|
A<3>           |C<3>           |    8.859|
A<3>           |C<4>           |    9.222|
A<3>           |C<5>           |    9.068|
A<3>           |C<6>           |    9.155|
A<3>           |C<7>           |    8.968|
A<3>           |C<8>           |    9.071|
A<3>           |C<9>           |    9.607|
A<3>           |C<10>          |    9.262|
A<3>           |C<11>          |    9.409|
A<3>           |C<12>          |    9.015|
A<3>           |C<13>          |    9.717|
A<3>           |C<14>          |    9.483|
A<3>           |C<15>          |    9.687|
A<3>           |C<16>          |    9.128|
A<3>           |C<17>          |    9.899|
A<3>           |C<18>          |    9.078|
A<3>           |C<19>          |    9.093|
A<3>           |C<20>          |    9.896|
A<3>           |C<21>          |    9.437|
A<3>           |C<22>          |    9.394|
A<3>           |C<23>          |   10.174|
A<3>           |C<24>          |   10.202|
A<3>           |C<25>          |   10.007|
A<3>           |C<26>          |    9.814|
A<3>           |C<27>          |    9.645|
A<3>           |C<28>          |    9.724|
A<3>           |C<29>          |   10.147|
A<3>           |C<30>          |    9.582|
A<3>           |C<31>          |    9.667|
A<4>           |C<0>           |    9.327|
A<4>           |C<1>           |    8.975|
A<4>           |C<2>           |    9.197|
A<4>           |C<3>           |    9.199|
A<4>           |C<4>           |    9.022|
A<4>           |C<5>           |    8.594|
A<4>           |C<6>           |    8.827|
A<4>           |C<7>           |    8.631|
A<4>           |C<8>           |    8.804|
A<4>           |C<9>           |    9.340|
A<4>           |C<10>          |    8.995|
A<4>           |C<11>          |    9.142|
A<4>           |C<12>          |    8.748|
A<4>           |C<13>          |    9.450|
A<4>           |C<14>          |    9.216|
A<4>           |C<15>          |    9.420|
A<4>           |C<16>          |    8.861|
A<4>           |C<17>          |    9.632|
A<4>           |C<18>          |    8.811|
A<4>           |C<19>          |    8.826|
A<4>           |C<20>          |    9.629|
A<4>           |C<21>          |    9.170|
A<4>           |C<22>          |    9.127|
A<4>           |C<23>          |    9.907|
A<4>           |C<24>          |    9.935|
A<4>           |C<25>          |    9.740|
A<4>           |C<26>          |    9.547|
A<4>           |C<27>          |    9.378|
A<4>           |C<28>          |    9.457|
A<4>           |C<29>          |    9.880|
A<4>           |C<30>          |    9.315|
A<4>           |C<31>          |    9.400|
A<5>           |C<0>           |    9.123|
A<5>           |C<1>           |    8.258|
A<5>           |C<2>           |    8.331|
A<5>           |C<3>           |    8.899|
A<5>           |C<4>           |    8.818|
A<5>           |C<5>           |    8.467|
A<5>           |C<6>           |    8.841|
A<5>           |C<7>           |    8.646|
A<5>           |C<8>           |    8.815|
A<5>           |C<9>           |    9.351|
A<5>           |C<10>          |    9.006|
A<5>           |C<11>          |    9.153|
A<5>           |C<12>          |    8.759|
A<5>           |C<13>          |    9.461|
A<5>           |C<14>          |    9.227|
A<5>           |C<15>          |    9.431|
A<5>           |C<16>          |    8.872|
A<5>           |C<17>          |    9.643|
A<5>           |C<18>          |    8.822|
A<5>           |C<19>          |    8.837|
A<5>           |C<20>          |    9.640|
A<5>           |C<21>          |    9.181|
A<5>           |C<22>          |    9.138|
A<5>           |C<23>          |    9.918|
A<5>           |C<24>          |    9.946|
A<5>           |C<25>          |    9.751|
A<5>           |C<26>          |    9.558|
A<5>           |C<27>          |    9.389|
A<5>           |C<28>          |    9.468|
A<5>           |C<29>          |    9.891|
A<5>           |C<30>          |    9.326|
A<5>           |C<31>          |    9.411|
A<6>           |C<0>           |    8.862|
A<6>           |C<1>           |    8.709|
A<6>           |C<2>           |    9.165|
A<6>           |C<3>           |    8.734|
A<6>           |C<4>           |    8.557|
A<6>           |C<5>           |    8.918|
A<6>           |C<6>           |    8.930|
A<6>           |C<7>           |    8.694|
A<6>           |C<8>           |    8.941|
A<6>           |C<9>           |    9.477|
A<6>           |C<10>          |    9.132|
A<6>           |C<11>          |    9.279|
A<6>           |C<12>          |    8.885|
A<6>           |C<13>          |    9.587|
A<6>           |C<14>          |    9.353|
A<6>           |C<15>          |    9.557|
A<6>           |C<16>          |    8.998|
A<6>           |C<17>          |    9.769|
A<6>           |C<18>          |    8.948|
A<6>           |C<19>          |    8.963|
A<6>           |C<20>          |    9.766|
A<6>           |C<21>          |    9.307|
A<6>           |C<22>          |    9.264|
A<6>           |C<23>          |   10.044|
A<6>           |C<24>          |   10.072|
A<6>           |C<25>          |    9.877|
A<6>           |C<26>          |    9.684|
A<6>           |C<27>          |    9.515|
A<6>           |C<28>          |    9.594|
A<6>           |C<29>          |   10.017|
A<6>           |C<30>          |    9.452|
A<6>           |C<31>          |    9.537|
A<7>           |C<0>           |    9.389|
A<7>           |C<1>           |    8.524|
A<7>           |C<2>           |    9.010|
A<7>           |C<3>           |    9.215|
A<7>           |C<4>           |    9.084|
A<7>           |C<5>           |    8.733|
A<7>           |C<6>           |    8.775|
A<7>           |C<7>           |    9.324|
A<7>           |C<8>           |    9.043|
A<7>           |C<9>           |    9.579|
A<7>           |C<10>          |    9.234|
A<7>           |C<11>          |    9.381|
A<7>           |C<12>          |    8.987|
A<7>           |C<13>          |    9.689|
A<7>           |C<14>          |    9.455|
A<7>           |C<15>          |    9.659|
A<7>           |C<16>          |    9.100|
A<7>           |C<17>          |    9.871|
A<7>           |C<18>          |    9.050|
A<7>           |C<19>          |    9.065|
A<7>           |C<20>          |    9.868|
A<7>           |C<21>          |    9.409|
A<7>           |C<22>          |    9.366|
A<7>           |C<23>          |   10.146|
A<7>           |C<24>          |   10.174|
A<7>           |C<25>          |    9.979|
A<7>           |C<26>          |    9.786|
A<7>           |C<27>          |    9.617|
A<7>           |C<28>          |    9.696|
A<7>           |C<29>          |   10.119|
A<7>           |C<30>          |    9.554|
A<7>           |C<31>          |    9.639|
A<8>           |C<0>           |    8.400|
A<8>           |C<1>           |    8.887|
A<8>           |C<2>           |    9.343|
A<8>           |C<3>           |    9.174|
A<8>           |C<4>           |    8.938|
A<8>           |C<5>           |    9.096|
A<8>           |C<6>           |    9.108|
A<8>           |C<7>           |    9.283|
A<8>           |C<8>           |    9.167|
A<8>           |C<9>           |    9.283|
A<8>           |C<10>          |    9.097|
A<8>           |C<11>          |    9.234|
A<8>           |C<12>          |    8.919|
A<8>           |C<13>          |    9.621|
A<8>           |C<14>          |    9.387|
A<8>           |C<15>          |    9.591|
A<8>           |C<16>          |    9.032|
A<8>           |C<17>          |    9.803|
A<8>           |C<18>          |    8.982|
A<8>           |C<19>          |    8.997|
A<8>           |C<20>          |    9.800|
A<8>           |C<21>          |    9.341|
A<8>           |C<22>          |    9.298|
A<8>           |C<23>          |   10.078|
A<8>           |C<24>          |   10.106|
A<8>           |C<25>          |    9.911|
A<8>           |C<26>          |    9.718|
A<8>           |C<27>          |    9.549|
A<8>           |C<28>          |    9.628|
A<8>           |C<29>          |   10.051|
A<8>           |C<30>          |    9.486|
A<8>           |C<31>          |    9.571|
A<9>           |C<0>           |    8.407|
A<9>           |C<1>           |    8.329|
A<9>           |C<2>           |    9.048|
A<9>           |C<3>           |    9.253|
A<9>           |C<4>           |    8.945|
A<9>           |C<5>           |    9.623|
A<9>           |C<6>           |    8.813|
A<9>           |C<7>           |    9.362|
A<9>           |C<8>           |    9.174|
A<9>           |C<9>           |    9.029|
A<9>           |C<10>          |    8.688|
A<9>           |C<11>          |    8.827|
A<9>           |C<12>          |    8.505|
A<9>           |C<13>          |    9.207|
A<9>           |C<14>          |    8.973|
A<9>           |C<15>          |    9.177|
A<9>           |C<16>          |    8.618|
A<9>           |C<17>          |    9.389|
A<9>           |C<18>          |    8.568|
A<9>           |C<19>          |    8.583|
A<9>           |C<20>          |    9.386|
A<9>           |C<21>          |    8.927|
A<9>           |C<22>          |    8.884|
A<9>           |C<23>          |    9.664|
A<9>           |C<24>          |    9.692|
A<9>           |C<25>          |    9.497|
A<9>           |C<26>          |    9.304|
A<9>           |C<27>          |    9.135|
A<9>           |C<28>          |    9.214|
A<9>           |C<29>          |    9.637|
A<9>           |C<30>          |    9.072|
A<9>           |C<31>          |    9.157|
A<10>          |C<0>           |    7.985|
A<10>          |C<1>           |    8.564|
A<10>          |C<2>           |    8.962|
A<10>          |C<3>           |    9.229|
A<10>          |C<4>           |    8.523|
A<10>          |C<5>           |    9.858|
A<10>          |C<6>           |    9.085|
A<10>          |C<7>           |    9.338|
A<10>          |C<8>           |    8.752|
A<10>          |C<9>           |    9.264|
A<10>          |C<10>          |    9.173|
A<10>          |C<11>          |    8.829|
A<10>          |C<12>          |    8.600|
A<10>          |C<13>          |    9.302|
A<10>          |C<14>          |    9.068|
A<10>          |C<15>          |    9.272|
A<10>          |C<16>          |    8.713|
A<10>          |C<17>          |    9.484|
A<10>          |C<18>          |    8.663|
A<10>          |C<19>          |    8.678|
A<10>          |C<20>          |    9.481|
A<10>          |C<21>          |    9.022|
A<10>          |C<22>          |    8.979|
A<10>          |C<23>          |    9.759|
A<10>          |C<24>          |    9.787|
A<10>          |C<25>          |    9.592|
A<10>          |C<26>          |    9.399|
A<10>          |C<27>          |    9.230|
A<10>          |C<28>          |    9.309|
A<10>          |C<29>          |    9.732|
A<10>          |C<30>          |    9.167|
A<10>          |C<31>          |    9.252|
A<11>          |C<0>           |    7.879|
A<11>          |C<1>           |    8.427|
A<11>          |C<2>           |    8.745|
A<11>          |C<3>           |    8.785|
A<11>          |C<4>           |    8.417|
A<11>          |C<5>           |    9.721|
A<11>          |C<6>           |    9.158|
A<11>          |C<7>           |    9.348|
A<11>          |C<8>           |    8.646|
A<11>          |C<9>           |    9.127|
A<11>          |C<10>          |    9.246|
A<11>          |C<11>          |    9.414|
A<11>          |C<12>          |    8.888|
A<11>          |C<13>          |    9.590|
A<11>          |C<14>          |    9.356|
A<11>          |C<15>          |    9.560|
A<11>          |C<16>          |    9.001|
A<11>          |C<17>          |    9.772|
A<11>          |C<18>          |    8.951|
A<11>          |C<19>          |    8.966|
A<11>          |C<20>          |    9.769|
A<11>          |C<21>          |    9.310|
A<11>          |C<22>          |    9.267|
A<11>          |C<23>          |   10.047|
A<11>          |C<24>          |   10.075|
A<11>          |C<25>          |    9.880|
A<11>          |C<26>          |    9.687|
A<11>          |C<27>          |    9.518|
A<11>          |C<28>          |    9.597|
A<11>          |C<29>          |   10.020|
A<11>          |C<30>          |    9.455|
A<11>          |C<31>          |    9.540|
A<12>          |C<0>           |    8.844|
A<12>          |C<1>           |    8.599|
A<12>          |C<2>           |    8.997|
A<12>          |C<3>           |    8.194|
A<12>          |C<4>           |    8.539|
A<12>          |C<5>           |    9.893|
A<12>          |C<6>           |    9.120|
A<12>          |C<7>           |    9.201|
A<12>          |C<8>           |    8.699|
A<12>          |C<9>           |    9.299|
A<12>          |C<10>          |    9.208|
A<12>          |C<11>          |    9.267|
A<12>          |C<12>          |    9.314|
A<12>          |C<13>          |    9.508|
A<12>          |C<14>          |    9.420|
A<12>          |C<15>          |    9.615|
A<12>          |C<16>          |    9.126|
A<12>          |C<17>          |    9.897|
A<12>          |C<18>          |    9.076|
A<12>          |C<19>          |    9.091|
A<12>          |C<20>          |    9.894|
A<12>          |C<21>          |    9.435|
A<12>          |C<22>          |    9.392|
A<12>          |C<23>          |   10.172|
A<12>          |C<24>          |   10.200|
A<12>          |C<25>          |   10.005|
A<12>          |C<26>          |    9.812|
A<12>          |C<27>          |    9.643|
A<12>          |C<28>          |    9.722|
A<12>          |C<29>          |   10.145|
A<12>          |C<30>          |    9.580|
A<12>          |C<31>          |    9.665|
A<13>          |C<0>           |    9.374|
A<13>          |C<1>           |    8.764|
A<13>          |C<2>           |    8.635|
A<13>          |C<3>           |    8.675|
A<13>          |C<4>           |    9.069|
A<13>          |C<5>           |    8.973|
A<13>          |C<6>           |    9.048|
A<13>          |C<7>           |    9.238|
A<13>          |C<8>           |    9.045|
A<13>          |C<9>           |    8.828|
A<13>          |C<10>          |    9.136|
A<13>          |C<11>          |    9.304|
A<13>          |C<12>          |    9.660|
A<13>          |C<13>          |    9.588|
A<13>          |C<14>          |    8.982|
A<13>          |C<15>          |    9.178|
A<13>          |C<16>          |    8.685|
A<13>          |C<17>          |    9.456|
A<13>          |C<18>          |    8.635|
A<13>          |C<19>          |    8.650|
A<13>          |C<20>          |    9.453|
A<13>          |C<21>          |    8.994|
A<13>          |C<22>          |    8.951|
A<13>          |C<23>          |    9.731|
A<13>          |C<24>          |    9.759|
A<13>          |C<25>          |    9.564|
A<13>          |C<26>          |    9.371|
A<13>          |C<27>          |    9.202|
A<13>          |C<28>          |    9.281|
A<13>          |C<29>          |    9.704|
A<13>          |C<30>          |    9.139|
A<13>          |C<31>          |    9.224|
A<14>          |C<0>           |    8.900|
A<14>          |C<1>           |    8.801|
A<14>          |C<2>           |    8.723|
A<14>          |C<3>           |    8.250|
A<14>          |C<4>           |    8.595|
A<14>          |C<5>           |    9.010|
A<14>          |C<6>           |    8.488|
A<14>          |C<7>           |    9.257|
A<14>          |C<8>           |    8.755|
A<14>          |C<9>           |    8.556|
A<14>          |C<10>          |    9.041|
A<14>          |C<11>          |    9.323|
A<14>          |C<12>          |    9.370|
A<14>          |C<13>          |    9.316|
A<14>          |C<14>          |    8.895|
A<14>          |C<15>          |    9.069|
A<14>          |C<16>          |    8.675|
A<14>          |C<17>          |    9.446|
A<14>          |C<18>          |    8.625|
A<14>          |C<19>          |    8.640|
A<14>          |C<20>          |    9.443|
A<14>          |C<21>          |    8.984|
A<14>          |C<22>          |    8.941|
A<14>          |C<23>          |    9.721|
A<14>          |C<24>          |    9.749|
A<14>          |C<25>          |    9.554|
A<14>          |C<26>          |    9.361|
A<14>          |C<27>          |    9.192|
A<14>          |C<28>          |    9.271|
A<14>          |C<29>          |    9.694|
A<14>          |C<30>          |    9.129|
A<14>          |C<31>          |    9.214|
A<15>          |C<0>           |    8.827|
A<15>          |C<1>           |    8.217|
A<15>          |C<2>           |    8.730|
A<15>          |C<3>           |    8.700|
A<15>          |C<4>           |    8.522|
A<15>          |C<5>           |    8.426|
A<15>          |C<6>           |    8.495|
A<15>          |C<7>           |    8.809|
A<15>          |C<8>           |    8.498|
A<15>          |C<9>           |    8.281|
A<15>          |C<10>          |    8.985|
A<15>          |C<11>          |    8.693|
A<15>          |C<12>          |    9.113|
A<15>          |C<13>          |    9.041|
A<15>          |C<14>          |    8.839|
A<15>          |C<15>          |    8.972|
A<15>          |C<16>          |    8.330|
A<15>          |C<17>          |    9.101|
A<15>          |C<18>          |    8.280|
A<15>          |C<19>          |    8.295|
A<15>          |C<20>          |    9.098|
A<15>          |C<21>          |    8.639|
A<15>          |C<22>          |    8.596|
A<15>          |C<23>          |    9.376|
A<15>          |C<24>          |    9.404|
A<15>          |C<25>          |    9.209|
A<15>          |C<26>          |    9.016|
A<15>          |C<27>          |    8.847|
A<15>          |C<28>          |    8.926|
A<15>          |C<29>          |    9.349|
A<15>          |C<30>          |    8.784|
A<15>          |C<31>          |    8.869|
A<16>          |C<0>           |    7.904|
A<16>          |C<1>           |    8.904|
A<16>          |C<2>           |    8.826|
A<16>          |C<3>           |    8.891|
A<16>          |C<4>           |    8.763|
A<16>          |C<5>           |    9.113|
A<16>          |C<6>           |    8.591|
A<16>          |C<7>           |    9.000|
A<16>          |C<8>           |    8.992|
A<16>          |C<9>           |    8.659|
A<16>          |C<10>          |    9.144|
A<16>          |C<11>          |    8.839|
A<16>          |C<12>          |    8.987|
A<16>          |C<13>          |    9.419|
A<16>          |C<14>          |    8.998|
A<16>          |C<15>          |    9.118|
A<16>          |C<16>          |    8.046|
A<16>          |C<17>          |    8.813|
A<16>          |C<18>          |    8.138|
A<16>          |C<19>          |    8.144|
A<16>          |C<20>          |    9.017|
A<16>          |C<21>          |    8.558|
A<16>          |C<22>          |    8.515|
A<16>          |C<23>          |    9.295|
A<16>          |C<24>          |    9.323|
A<16>          |C<25>          |    9.128|
A<16>          |C<26>          |    8.935|
A<16>          |C<27>          |    8.766|
A<16>          |C<28>          |    8.845|
A<16>          |C<29>          |    9.268|
A<16>          |C<30>          |    8.703|
A<16>          |C<31>          |    8.788|
A<17>          |C<0>           |    7.580|
A<17>          |C<1>           |    8.370|
A<17>          |C<2>           |    8.914|
A<17>          |C<3>           |    8.884|
A<17>          |C<4>           |    8.439|
A<17>          |C<5>           |    8.828|
A<17>          |C<6>           |    8.679|
A<17>          |C<7>           |    8.993|
A<17>          |C<8>           |    8.668|
A<17>          |C<9>           |    8.234|
A<17>          |C<10>          |    9.169|
A<17>          |C<11>          |    8.877|
A<17>          |C<12>          |    8.663|
A<17>          |C<13>          |    8.190|
A<17>          |C<14>          |    9.023|
A<17>          |C<15>          |    9.156|
A<17>          |C<16>          |    7.722|
A<17>          |C<17>          |    8.580|
A<17>          |C<18>          |    8.078|
A<17>          |C<19>          |    8.081|
A<17>          |C<20>          |    8.964|
A<17>          |C<21>          |    8.505|
A<17>          |C<22>          |    8.462|
A<17>          |C<23>          |    9.242|
A<17>          |C<24>          |    9.270|
A<17>          |C<25>          |    9.075|
A<17>          |C<26>          |    8.882|
A<17>          |C<27>          |    8.713|
A<17>          |C<28>          |    8.792|
A<17>          |C<29>          |    9.215|
A<17>          |C<30>          |    8.650|
A<17>          |C<31>          |    8.735|
A<18>          |C<0>           |    8.587|
A<18>          |C<1>           |    9.208|
A<18>          |C<2>           |    8.473|
A<18>          |C<3>           |    9.888|
A<18>          |C<4>           |    9.446|
A<18>          |C<5>           |    9.666|
A<18>          |C<6>           |    9.127|
A<18>          |C<7>           |    9.997|
A<18>          |C<8>           |    9.675|
A<18>          |C<9>           |    9.072|
A<18>          |C<10>          |    9.215|
A<18>          |C<11>          |    9.284|
A<18>          |C<12>          |    9.670|
A<18>          |C<13>          |    9.028|
A<18>          |C<14>          |    9.227|
A<18>          |C<15>          |    9.563|
A<18>          |C<16>          |    8.729|
A<18>          |C<17>          |    9.086|
A<18>          |C<18>          |    9.008|
A<18>          |C<19>          |    8.450|
A<18>          |C<20>          |    9.364|
A<18>          |C<21>          |    8.905|
A<18>          |C<22>          |    8.862|
A<18>          |C<23>          |    9.642|
A<18>          |C<24>          |    9.670|
A<18>          |C<25>          |    9.475|
A<18>          |C<26>          |    9.282|
A<18>          |C<27>          |    9.113|
A<18>          |C<28>          |    9.192|
A<18>          |C<29>          |    9.615|
A<18>          |C<30>          |    9.050|
A<18>          |C<31>          |    9.135|
A<19>          |C<0>           |    8.068|
A<19>          |C<1>           |    8.945|
A<19>          |C<2>           |    7.932|
A<19>          |C<3>           |    9.095|
A<19>          |C<4>           |    8.927|
A<19>          |C<5>           |    9.403|
A<19>          |C<6>           |    8.586|
A<19>          |C<7>           |    9.063|
A<19>          |C<8>           |    9.156|
A<19>          |C<9>           |    8.809|
A<19>          |C<10>          |    8.674|
A<19>          |C<11>          |    9.129|
A<19>          |C<12>          |    9.151|
A<19>          |C<13>          |    8.765|
A<19>          |C<14>          |    8.686|
A<19>          |C<15>          |    9.541|
A<19>          |C<16>          |    8.210|
A<19>          |C<17>          |    8.823|
A<19>          |C<18>          |    8.467|
A<19>          |C<19>          |    9.442|
A<19>          |C<20>          |    9.198|
A<19>          |C<21>          |    8.739|
A<19>          |C<22>          |    8.696|
A<19>          |C<23>          |    9.476|
A<19>          |C<24>          |    9.504|
A<19>          |C<25>          |    9.309|
A<19>          |C<26>          |    9.116|
A<19>          |C<27>          |    8.947|
A<19>          |C<28>          |    9.026|
A<19>          |C<29>          |    9.449|
A<19>          |C<30>          |    8.884|
A<19>          |C<31>          |    8.969|
A<20>          |C<0>           |    7.796|
A<20>          |C<1>           |    8.656|
A<20>          |C<2>           |    8.019|
A<20>          |C<3>           |    8.796|
A<20>          |C<4>           |    9.343|
A<20>          |C<5>           |    9.114|
A<20>          |C<6>           |    8.673|
A<20>          |C<7>           |    8.764|
A<20>          |C<8>           |    8.200|
A<20>          |C<9>           |    8.520|
A<20>          |C<10>          |    8.761|
A<20>          |C<11>          |    8.830|
A<20>          |C<12>          |    8.815|
A<20>          |C<13>          |    8.476|
A<20>          |C<14>          |    8.773|
A<20>          |C<15>          |    9.242|
A<20>          |C<16>          |    7.938|
A<20>          |C<17>          |    8.534|
A<20>          |C<18>          |    8.554|
A<20>          |C<19>          |    9.143|
A<20>          |C<20>          |    8.729|
A<20>          |C<21>          |    8.317|
A<20>          |C<22>          |    8.420|
A<20>          |C<23>          |    9.191|
A<20>          |C<24>          |    9.291|
A<20>          |C<25>          |    9.096|
A<20>          |C<26>          |    8.903|
A<20>          |C<27>          |    8.734|
A<20>          |C<28>          |    8.813|
A<20>          |C<29>          |    9.236|
A<20>          |C<30>          |    8.671|
A<20>          |C<31>          |    8.756|
A<21>          |C<0>           |    7.846|
A<21>          |C<1>           |    9.116|
A<21>          |C<2>           |    7.617|
A<21>          |C<3>           |    8.516|
A<21>          |C<4>           |    9.393|
A<21>          |C<5>           |    8.603|
A<21>          |C<6>           |    8.271|
A<21>          |C<7>           |    8.484|
A<21>          |C<8>           |    8.250|
A<21>          |C<9>           |    8.160|
A<21>          |C<10>          |    8.359|
A<21>          |C<11>          |    8.550|
A<21>          |C<12>          |    8.865|
A<21>          |C<13>          |    8.920|
A<21>          |C<14>          |    8.371|
A<21>          |C<15>          |    8.962|
A<21>          |C<16>          |    7.988|
A<21>          |C<17>          |    8.994|
A<21>          |C<18>          |    8.152|
A<21>          |C<19>          |    8.863|
A<21>          |C<20>          |    8.617|
A<21>          |C<21>          |    9.318|
A<21>          |C<22>          |    8.655|
A<21>          |C<23>          |    9.427|
A<21>          |C<24>          |    9.521|
A<21>          |C<25>          |    9.326|
A<21>          |C<26>          |    9.133|
A<21>          |C<27>          |    8.964|
A<21>          |C<28>          |    9.043|
A<21>          |C<29>          |    9.466|
A<21>          |C<30>          |    8.901|
A<21>          |C<31>          |    8.986|
A<22>          |C<0>           |    7.677|
A<22>          |C<1>           |    8.724|
A<22>          |C<2>           |    7.619|
A<22>          |C<3>           |    8.319|
A<22>          |C<4>           |    9.224|
A<22>          |C<5>           |    8.211|
A<22>          |C<6>           |    7.557|
A<22>          |C<7>           |    8.287|
A<22>          |C<8>           |    8.081|
A<22>          |C<9>           |    7.768|
A<22>          |C<10>          |    8.354|
A<22>          |C<11>          |    8.353|
A<22>          |C<12>          |    8.696|
A<22>          |C<13>          |    8.528|
A<22>          |C<14>          |    8.208|
A<22>          |C<15>          |    8.765|
A<22>          |C<16>          |    7.819|
A<22>          |C<17>          |    8.602|
A<22>          |C<18>          |    8.154|
A<22>          |C<19>          |    8.666|
A<22>          |C<20>          |    8.448|
A<22>          |C<21>          |    8.926|
A<22>          |C<22>          |    8.601|
A<22>          |C<23>          |    9.402|
A<22>          |C<24>          |    9.595|
A<22>          |C<25>          |    9.400|
A<22>          |C<26>          |    9.207|
A<22>          |C<27>          |    9.038|
A<22>          |C<28>          |    9.117|
A<22>          |C<29>          |    9.540|
A<22>          |C<30>          |    8.975|
A<22>          |C<31>          |    9.060|
A<23>          |C<0>           |    8.003|
A<23>          |C<1>           |    9.026|
A<23>          |C<2>           |    7.953|
A<23>          |C<3>           |    8.548|
A<23>          |C<4>           |    9.550|
A<23>          |C<5>           |    8.513|
A<23>          |C<6>           |    7.891|
A<23>          |C<7>           |    8.785|
A<23>          |C<8>           |    8.407|
A<23>          |C<9>           |    8.070|
A<23>          |C<10>          |    8.688|
A<23>          |C<11>          |    8.225|
A<23>          |C<12>          |    9.022|
A<23>          |C<13>          |    8.830|
A<23>          |C<14>          |    8.542|
A<23>          |C<15>          |    8.504|
A<23>          |C<16>          |    8.145|
A<23>          |C<17>          |    8.904|
A<23>          |C<18>          |    8.488|
A<23>          |C<19>          |    8.895|
A<23>          |C<20>          |    8.774|
A<23>          |C<21>          |    9.228|
A<23>          |C<22>          |    8.807|
A<23>          |C<23>          |    8.965|
A<23>          |C<24>          |    9.065|
A<23>          |C<25>          |    8.870|
A<23>          |C<26>          |    8.677|
A<23>          |C<27>          |    8.508|
A<23>          |C<28>          |    8.587|
A<23>          |C<29>          |    9.010|
A<23>          |C<30>          |    8.445|
A<23>          |C<31>          |    8.530|
A<24>          |C<0>           |    8.486|
A<24>          |C<1>           |    9.580|
A<24>          |C<2>           |    8.313|
A<24>          |C<3>           |    9.322|
A<24>          |C<4>           |   10.220|
A<24>          |C<5>           |    9.067|
A<24>          |C<6>           |    8.251|
A<24>          |C<7>           |    9.559|
A<24>          |C<8>           |    9.651|
A<24>          |C<9>           |    8.624|
A<24>          |C<10>          |    9.048|
A<24>          |C<11>          |    8.999|
A<24>          |C<12>          |    9.195|
A<24>          |C<13>          |    9.384|
A<24>          |C<14>          |    8.902|
A<24>          |C<15>          |    9.278|
A<24>          |C<16>          |    8.628|
A<24>          |C<17>          |    9.458|
A<24>          |C<18>          |    8.848|
A<24>          |C<19>          |    9.669|
A<24>          |C<20>          |    9.444|
A<24>          |C<21>          |    9.782|
A<24>          |C<22>          |    9.167|
A<24>          |C<23>          |    9.739|
A<24>          |C<24>          |    9.548|
A<24>          |C<25>          |    9.122|
A<24>          |C<26>          |    9.075|
A<24>          |C<27>          |    8.897|
A<24>          |C<28>          |    9.046|
A<24>          |C<29>          |    9.469|
A<24>          |C<30>          |    8.904|
A<24>          |C<31>          |    8.989|
A<25>          |C<0>           |    7.927|
A<25>          |C<1>           |    8.991|
A<25>          |C<2>           |    8.294|
A<25>          |C<3>           |    8.979|
A<25>          |C<4>           |    9.661|
A<25>          |C<5>           |    7.929|
A<25>          |C<6>           |    8.232|
A<25>          |C<7>           |    9.216|
A<25>          |C<8>           |    9.092|
A<25>          |C<9>           |    8.012|
A<25>          |C<10>          |    9.029|
A<25>          |C<11>          |    8.656|
A<25>          |C<12>          |    8.636|
A<25>          |C<13>          |    8.381|
A<25>          |C<14>          |    8.883|
A<25>          |C<15>          |    8.935|
A<25>          |C<16>          |    8.069|
A<25>          |C<17>          |    8.869|
A<25>          |C<18>          |    8.829|
A<25>          |C<19>          |    9.326|
A<25>          |C<20>          |    8.885|
A<25>          |C<21>          |    8.644|
A<25>          |C<22>          |    9.148|
A<25>          |C<23>          |    9.396|
A<25>          |C<24>          |    8.989|
A<25>          |C<25>          |    9.227|
A<25>          |C<26>          |    9.338|
A<25>          |C<27>          |    9.161|
A<25>          |C<28>          |    9.306|
A<25>          |C<29>          |    9.729|
A<25>          |C<30>          |    9.164|
A<25>          |C<31>          |    9.249|
A<26>          |C<0>           |    8.113|
A<26>          |C<1>           |    8.775|
A<26>          |C<2>           |    7.885|
A<26>          |C<3>           |    9.042|
A<26>          |C<4>           |    9.847|
A<26>          |C<5>           |    7.713|
A<26>          |C<6>           |    7.325|
A<26>          |C<7>           |    9.279|
A<26>          |C<8>           |    9.278|
A<26>          |C<9>           |    7.796|
A<26>          |C<10>          |    8.357|
A<26>          |C<11>          |    8.719|
A<26>          |C<12>          |    8.822|
A<26>          |C<13>          |    8.165|
A<26>          |C<14>          |    7.744|
A<26>          |C<15>          |    8.998|
A<26>          |C<16>          |    8.255|
A<26>          |C<17>          |    8.653|
A<26>          |C<18>          |    8.420|
A<26>          |C<19>          |    9.389|
A<26>          |C<20>          |    9.071|
A<26>          |C<21>          |    8.428|
A<26>          |C<22>          |    8.241|
A<26>          |C<23>          |    9.459|
A<26>          |C<24>          |    9.175|
A<26>          |C<25>          |    8.364|
A<26>          |C<26>          |    8.566|
A<26>          |C<27>          |    8.438|
A<26>          |C<28>          |    8.662|
A<26>          |C<29>          |    9.085|
A<26>          |C<30>          |    8.520|
A<26>          |C<31>          |    8.605|
A<27>          |C<0>           |    8.544|
A<27>          |C<1>           |    9.319|
A<27>          |C<2>           |    8.800|
A<27>          |C<3>           |    9.001|
A<27>          |C<4>           |   10.278|
A<27>          |C<5>           |    8.257|
A<27>          |C<6>           |    8.240|
A<27>          |C<7>           |    9.189|
A<27>          |C<8>           |    9.709|
A<27>          |C<9>           |    8.340|
A<27>          |C<10>          |    9.272|
A<27>          |C<11>          |    8.572|
A<27>          |C<12>          |    9.253|
A<27>          |C<13>          |    8.709|
A<27>          |C<14>          |    8.659|
A<27>          |C<15>          |    9.447|
A<27>          |C<16>          |    8.686|
A<27>          |C<17>          |    9.197|
A<27>          |C<18>          |    9.335|
A<27>          |C<19>          |    9.348|
A<27>          |C<20>          |    9.502|
A<27>          |C<21>          |    8.972|
A<27>          |C<22>          |    9.156|
A<27>          |C<23>          |    9.369|
A<27>          |C<24>          |    9.606|
A<27>          |C<25>          |    8.908|
A<27>          |C<26>          |    9.374|
A<27>          |C<27>          |    9.120|
A<27>          |C<28>          |    9.130|
A<27>          |C<29>          |    9.553|
A<27>          |C<30>          |    8.988|
A<27>          |C<31>          |    9.073|
A<28>          |C<0>           |    8.201|
A<28>          |C<1>           |    9.452|
A<28>          |C<2>           |    8.660|
A<28>          |C<3>           |    9.133|
A<28>          |C<4>           |   10.132|
A<28>          |C<5>           |    8.390|
A<28>          |C<6>           |    8.100|
A<28>          |C<7>           |    9.321|
A<28>          |C<8>           |    9.567|
A<28>          |C<9>           |    8.473|
A<28>          |C<10>          |    9.132|
A<28>          |C<11>          |    8.704|
A<28>          |C<12>          |    8.667|
A<28>          |C<13>          |    8.842|
A<28>          |C<14>          |    8.519|
A<28>          |C<15>          |    9.579|
A<28>          |C<16>          |    8.343|
A<28>          |C<17>          |    9.330|
A<28>          |C<18>          |    9.195|
A<28>          |C<19>          |    9.480|
A<28>          |C<20>          |    9.356|
A<28>          |C<21>          |    9.105|
A<28>          |C<22>          |    9.016|
A<28>          |C<23>          |    9.501|
A<28>          |C<24>          |    9.464|
A<28>          |C<25>          |    9.041|
A<28>          |C<26>          |    9.234|
A<28>          |C<27>          |    9.252|
A<28>          |C<28>          |    9.360|
A<28>          |C<29>          |    9.595|
A<28>          |C<30>          |    9.176|
A<28>          |C<31>          |    9.252|
A<29>          |C<0>           |    8.282|
A<29>          |C<1>           |    9.398|
A<29>          |C<2>           |    8.437|
A<29>          |C<3>           |    9.049|
A<29>          |C<4>           |   10.213|
A<29>          |C<5>           |    9.109|
A<29>          |C<6>           |    7.877|
A<29>          |C<7>           |    9.237|
A<29>          |C<8>           |    9.648|
A<29>          |C<9>           |    9.093|
A<29>          |C<10>          |    8.909|
A<29>          |C<11>          |    8.620|
A<29>          |C<12>          |    8.748|
A<29>          |C<13>          |    8.424|
A<29>          |C<14>          |    8.296|
A<29>          |C<15>          |    9.495|
A<29>          |C<16>          |    8.424|
A<29>          |C<17>          |    9.276|
A<29>          |C<18>          |    8.972|
A<29>          |C<19>          |    9.396|
A<29>          |C<20>          |    9.437|
A<29>          |C<21>          |    9.824|
A<29>          |C<22>          |    8.793|
A<29>          |C<23>          |    9.417|
A<29>          |C<24>          |    9.545|
A<29>          |C<25>          |    9.661|
A<29>          |C<26>          |    9.011|
A<29>          |C<27>          |    9.168|
A<29>          |C<28>          |    9.441|
A<29>          |C<29>          |   10.043|
A<29>          |C<30>          |    9.782|
A<29>          |C<31>          |    9.859|
A<30>          |C<0>           |    8.490|
A<30>          |C<1>           |    9.460|
A<30>          |C<2>           |    9.231|
A<30>          |C<3>           |    9.229|
A<30>          |C<4>           |   10.421|
A<30>          |C<5>           |    9.323|
A<30>          |C<6>           |    8.792|
A<30>          |C<7>           |    9.417|
A<30>          |C<8>           |    9.856|
A<30>          |C<9>           |    9.307|
A<30>          |C<10>          |    9.739|
A<30>          |C<11>          |    8.800|
A<30>          |C<12>          |    8.956|
A<30>          |C<13>          |    8.629|
A<30>          |C<14>          |    8.779|
A<30>          |C<15>          |    9.675|
A<30>          |C<16>          |    8.632|
A<30>          |C<17>          |    9.338|
A<30>          |C<18>          |    9.766|
A<30>          |C<19>          |    9.576|
A<30>          |C<20>          |    9.645|
A<30>          |C<21>          |   10.038|
A<30>          |C<22>          |    9.708|
A<30>          |C<23>          |    9.597|
A<30>          |C<24>          |    9.753|
A<30>          |C<25>          |    9.875|
A<30>          |C<26>          |    9.841|
A<30>          |C<27>          |    9.348|
A<30>          |C<28>          |    9.649|
A<30>          |C<29>          |    8.811|
A<30>          |C<30>          |    9.361|
A<30>          |C<31>          |    9.151|
A<31>          |C<0>           |    8.583|
A<31>          |C<1>           |    9.510|
A<31>          |C<2>           |    9.500|
A<31>          |C<3>           |    9.229|
A<31>          |C<4>           |    9.918|
A<31>          |C<5>           |    9.373|
A<31>          |C<6>           |    9.068|
A<31>          |C<7>           |    9.540|
A<31>          |C<8>           |    9.353|
A<31>          |C<9>           |    9.663|
A<31>          |C<10>          |   10.008|
A<31>          |C<11>          |    9.686|
A<31>          |C<12>          |    8.898|
A<31>          |C<13>          |    9.009|
A<31>          |C<14>          |    9.048|
A<31>          |C<15>          |   10.129|
A<31>          |C<16>          |    8.129|
A<31>          |C<17>          |    9.388|
A<31>          |C<18>          |   10.035|
A<31>          |C<19>          |    8.817|
A<31>          |C<20>          |    9.142|
A<31>          |C<21>          |   10.088|
A<31>          |C<22>          |    9.984|
A<31>          |C<23>          |    9.004|
A<31>          |C<24>          |    9.250|
A<31>          |C<25>          |    9.925|
A<31>          |C<26>          |   10.110|
A<31>          |C<27>          |    8.678|
A<31>          |C<28>          |    9.267|
A<31>          |C<29>          |    9.006|
A<31>          |C<30>          |    9.630|
A<31>          |C<31>          |    9.156|
ALUOp<0>       |C<0>           |   10.058|
ALUOp<0>       |C<1>           |   10.848|
ALUOp<0>       |C<2>           |   11.048|
ALUOp<0>       |C<3>           |   10.829|
ALUOp<0>       |C<4>           |   11.020|
ALUOp<0>       |C<5>           |   10.866|
ALUOp<0>       |C<6>           |   10.953|
ALUOp<0>       |C<7>           |   10.766|
ALUOp<0>       |C<8>           |   10.869|
ALUOp<0>       |C<9>           |   11.405|
ALUOp<0>       |C<10>          |   11.060|
ALUOp<0>       |C<11>          |   11.207|
ALUOp<0>       |C<12>          |   10.813|
ALUOp<0>       |C<13>          |   11.515|
ALUOp<0>       |C<14>          |   11.281|
ALUOp<0>       |C<15>          |   11.485|
ALUOp<0>       |C<16>          |   10.926|
ALUOp<0>       |C<17>          |   11.697|
ALUOp<0>       |C<18>          |   10.876|
ALUOp<0>       |C<19>          |   10.891|
ALUOp<0>       |C<20>          |   11.694|
ALUOp<0>       |C<21>          |   11.235|
ALUOp<0>       |C<22>          |   11.192|
ALUOp<0>       |C<23>          |   11.972|
ALUOp<0>       |C<24>          |   12.000|
ALUOp<0>       |C<25>          |   11.805|
ALUOp<0>       |C<26>          |   11.612|
ALUOp<0>       |C<27>          |   11.443|
ALUOp<0>       |C<28>          |   11.522|
ALUOp<0>       |C<29>          |   11.945|
ALUOp<0>       |C<30>          |   11.380|
ALUOp<0>       |C<31>          |   11.465|
ALUOp<1>       |C<0>           |    9.327|
ALUOp<1>       |C<1>           |    9.756|
ALUOp<1>       |C<2>           |   10.066|
ALUOp<1>       |C<3>           |   10.308|
ALUOp<1>       |C<4>           |    9.798|
ALUOp<1>       |C<5>           |   10.033|
ALUOp<1>       |C<6>           |    9.743|
ALUOp<1>       |C<7>           |   10.812|
ALUOp<1>       |C<8>           |   10.095|
ALUOp<1>       |C<9>           |   10.407|
ALUOp<1>       |C<10>          |    9.932|
ALUOp<1>       |C<11>          |   10.430|
ALUOp<1>       |C<12>          |    9.642|
ALUOp<1>       |C<13>          |   10.129|
ALUOp<1>       |C<14>          |   10.214|
ALUOp<1>       |C<15>          |    9.689|
ALUOp<1>       |C<16>          |    8.873|
ALUOp<1>       |C<17>          |    9.516|
ALUOp<1>       |C<18>          |   10.168|
ALUOp<1>       |C<19>          |   10.655|
ALUOp<1>       |C<20>          |    9.116|
ALUOp<1>       |C<21>          |   10.388|
ALUOp<1>       |C<22>          |   10.315|
ALUOp<1>       |C<23>          |   10.992|
ALUOp<1>       |C<24>          |    9.743|
ALUOp<1>       |C<25>          |   10.524|
ALUOp<1>       |C<26>          |   10.034|
ALUOp<1>       |C<27>          |   10.310|
ALUOp<1>       |C<28>          |    9.598|
ALUOp<1>       |C<29>          |    9.696|
ALUOp<1>       |C<30>          |   10.796|
ALUOp<1>       |C<31>          |    9.533|
ALUOp<2>       |C<0>           |    9.432|
ALUOp<2>       |C<1>           |    9.856|
ALUOp<2>       |C<2>           |   10.115|
ALUOp<2>       |C<3>           |   10.357|
ALUOp<2>       |C<4>           |    9.847|
ALUOp<2>       |C<5>           |   10.082|
ALUOp<2>       |C<6>           |    9.806|
ALUOp<2>       |C<7>           |   10.861|
ALUOp<2>       |C<8>           |   10.195|
ALUOp<2>       |C<9>           |   10.507|
ALUOp<2>       |C<10>          |    9.995|
ALUOp<2>       |C<11>          |   10.530|
ALUOp<2>       |C<12>          |    9.742|
ALUOp<2>       |C<13>          |   10.241|
ALUOp<2>       |C<14>          |   10.263|
ALUOp<2>       |C<15>          |    9.801|
ALUOp<2>       |C<16>          |    8.759|
ALUOp<2>       |C<17>          |    9.394|
ALUOp<2>       |C<18>          |   10.217|
ALUOp<2>       |C<19>          |   10.704|
ALUOp<2>       |C<20>          |    9.425|
ALUOp<2>       |C<21>          |   10.500|
ALUOp<2>       |C<22>          |   10.404|
ALUOp<2>       |C<23>          |   11.041|
ALUOp<2>       |C<24>          |    9.855|
ALUOp<2>       |C<25>          |   10.573|
ALUOp<2>       |C<26>          |   10.097|
ALUOp<2>       |C<27>          |   10.373|
ALUOp<2>       |C<28>          |    9.647|
ALUOp<2>       |C<29>          |    9.745|
ALUOp<2>       |C<30>          |   10.845|
ALUOp<2>       |C<31>          |    9.599|
B<0>           |C<0>           |    9.122|
B<0>           |C<1>           |   10.132|
B<0>           |C<2>           |    9.678|
B<0>           |C<3>           |    9.764|
B<0>           |C<4>           |   10.547|
B<0>           |C<5>           |    9.729|
B<0>           |C<6>           |    9.586|
B<0>           |C<7>           |    9.399|
B<0>           |C<8>           |    9.978|
B<0>           |C<9>           |   10.038|
B<0>           |C<10>          |    9.923|
B<0>           |C<11>          |    9.840|
B<0>           |C<12>          |    9.782|
B<0>           |C<13>          |   10.148|
B<0>           |C<14>          |    9.914|
B<0>           |C<15>          |   10.118|
B<0>           |C<16>          |    9.559|
B<0>           |C<17>          |   10.330|
B<0>           |C<18>          |    9.723|
B<0>           |C<19>          |   10.111|
B<0>           |C<20>          |   10.327|
B<0>           |C<21>          |   10.334|
B<0>           |C<22>          |   10.042|
B<0>           |C<23>          |   10.605|
B<0>           |C<24>          |   10.633|
B<0>           |C<25>          |   10.438|
B<0>           |C<26>          |   10.245|
B<0>           |C<27>          |   10.076|
B<0>           |C<28>          |   10.155|
B<0>           |C<29>          |   10.578|
B<0>           |C<30>          |   10.013|
B<0>           |C<31>          |   10.098|
B<1>           |C<0>           |   10.010|
B<1>           |C<1>           |    9.958|
B<1>           |C<2>           |   10.155|
B<1>           |C<3>           |   10.150|
B<1>           |C<4>           |   10.026|
B<1>           |C<5>           |   10.169|
B<1>           |C<6>           |    9.920|
B<1>           |C<7>           |   10.259|
B<1>           |C<8>           |    9.681|
B<1>           |C<9>           |    9.575|
B<1>           |C<10>          |   10.175|
B<1>           |C<11>          |    9.911|
B<1>           |C<12>          |   10.296|
B<1>           |C<13>          |   10.224|
B<1>           |C<14>          |   10.029|
B<1>           |C<15>          |   10.300|
B<1>           |C<16>          |    9.057|
B<1>           |C<17>          |    9.836|
B<1>           |C<18>          |    9.635|
B<1>           |C<19>          |    9.883|
B<1>           |C<20>          |    9.825|
B<1>           |C<21>          |   10.160|
B<1>           |C<22>          |    9.575|
B<1>           |C<23>          |   10.103|
B<1>           |C<24>          |   10.131|
B<1>           |C<25>          |    9.936|
B<1>           |C<26>          |    9.743|
B<1>           |C<27>          |    9.574|
B<1>           |C<28>          |    9.653|
B<1>           |C<29>          |   10.076|
B<1>           |C<30>          |    9.511|
B<1>           |C<31>          |    9.596|
B<2>           |C<0>           |    8.064|
B<2>           |C<1>           |    8.783|
B<2>           |C<2>           |    9.317|
B<2>           |C<3>           |    9.127|
B<2>           |C<4>           |    9.786|
B<2>           |C<5>           |    9.263|
B<2>           |C<6>           |    9.350|
B<2>           |C<7>           |    9.163|
B<2>           |C<8>           |    9.266|
B<2>           |C<9>           |    9.802|
B<2>           |C<10>          |    9.457|
B<2>           |C<11>          |    9.604|
B<2>           |C<12>          |    9.210|
B<2>           |C<13>          |    9.912|
B<2>           |C<14>          |    9.678|
B<2>           |C<15>          |   10.140|
B<2>           |C<16>          |    9.323|
B<2>           |C<17>          |   10.094|
B<2>           |C<18>          |    9.273|
B<2>           |C<19>          |    9.288|
B<2>           |C<20>          |   10.091|
B<2>           |C<21>          |    9.632|
B<2>           |C<22>          |    9.589|
B<2>           |C<23>          |   10.369|
B<2>           |C<24>          |   10.397|
B<2>           |C<25>          |   10.202|
B<2>           |C<26>          |   10.009|
B<2>           |C<27>          |    9.840|
B<2>           |C<28>          |    9.919|
B<2>           |C<29>          |   10.342|
B<2>           |C<30>          |    9.777|
B<2>           |C<31>          |    9.862|
B<3>           |C<0>           |    8.876|
B<3>           |C<1>           |    9.200|
B<3>           |C<2>           |    8.785|
B<3>           |C<3>           |    9.872|
B<3>           |C<4>           |    9.991|
B<3>           |C<5>           |    9.362|
B<3>           |C<6>           |    9.449|
B<3>           |C<7>           |    9.981|
B<3>           |C<8>           |    9.365|
B<3>           |C<9>           |    9.901|
B<3>           |C<10>          |    9.556|
B<3>           |C<11>          |    9.703|
B<3>           |C<12>          |    9.309|
B<3>           |C<13>          |   10.011|
B<3>           |C<14>          |    9.777|
B<3>           |C<15>          |   10.461|
B<3>           |C<16>          |    9.422|
B<3>           |C<17>          |   10.193|
B<3>           |C<18>          |    9.372|
B<3>           |C<19>          |    9.387|
B<3>           |C<20>          |   10.190|
B<3>           |C<21>          |    9.731|
B<3>           |C<22>          |    9.688|
B<3>           |C<23>          |   10.468|
B<3>           |C<24>          |   10.496|
B<3>           |C<25>          |   10.301|
B<3>           |C<26>          |   10.108|
B<3>           |C<27>          |    9.939|
B<3>           |C<28>          |   10.018|
B<3>           |C<29>          |   10.441|
B<3>           |C<30>          |    9.876|
B<3>           |C<31>          |    9.961|
B<4>           |C<0>           |    8.289|
B<4>           |C<1>           |    8.407|
B<4>           |C<2>           |    8.151|
B<4>           |C<3>           |    8.226|
B<4>           |C<4>           |    9.226|
B<4>           |C<5>           |    9.119|
B<4>           |C<6>           |    9.352|
B<4>           |C<7>           |    9.156|
B<4>           |C<8>           |    9.329|
B<4>           |C<9>           |    9.865|
B<4>           |C<10>          |    9.520|
B<4>           |C<11>          |    9.667|
B<4>           |C<12>          |    9.273|
B<4>           |C<13>          |    9.975|
B<4>           |C<14>          |    9.741|
B<4>           |C<15>          |    9.945|
B<4>           |C<16>          |    9.386|
B<4>           |C<17>          |   10.157|
B<4>           |C<18>          |    9.336|
B<4>           |C<19>          |    9.351|
B<4>           |C<20>          |   10.154|
B<4>           |C<21>          |    9.695|
B<4>           |C<22>          |    9.652|
B<4>           |C<23>          |   10.432|
B<4>           |C<24>          |   10.460|
B<4>           |C<25>          |   10.265|
B<4>           |C<26>          |   10.072|
B<4>           |C<27>          |    9.903|
B<4>           |C<28>          |    9.982|
B<4>           |C<29>          |   10.405|
B<4>           |C<30>          |    9.840|
B<4>           |C<31>          |    9.925|
B<5>           |C<0>           |    9.499|
B<5>           |C<1>           |   10.113|
B<5>           |C<2>           |   10.600|
B<5>           |C<3>           |   10.842|
B<5>           |C<4>           |   10.332|
B<5>           |C<5>           |   10.567|
B<5>           |C<6>           |   10.290|
B<5>           |C<7>           |   11.346|
B<5>           |C<8>           |   10.398|
B<5>           |C<9>           |   10.578|
B<5>           |C<10>          |   10.479|
B<5>           |C<11>          |   10.601|
B<5>           |C<12>          |    9.813|
B<5>           |C<13>          |   10.308|
B<5>           |C<14>          |   10.748|
B<5>           |C<15>          |    9.868|
B<5>           |C<16>          |    9.201|
B<5>           |C<17>          |    9.879|
B<5>           |C<18>          |   10.702|
B<5>           |C<19>          |   11.189|
B<5>           |C<20>          |    9.714|
B<5>           |C<21>          |   10.800|
B<5>           |C<22>          |   10.849|
B<5>           |C<23>          |   11.526|
B<5>           |C<24>          |   10.020|
B<5>           |C<25>          |   11.058|
B<5>           |C<26>          |   10.581|
B<5>           |C<27>          |   10.857|
B<5>           |C<28>          |   10.168|
B<5>           |C<29>          |   10.230|
B<5>           |C<30>          |   11.330|
B<5>           |C<31>          |    9.666|
B<6>           |C<0>           |    9.185|
B<6>           |C<1>           |    9.799|
B<6>           |C<2>           |   10.286|
B<6>           |C<3>           |   10.528|
B<6>           |C<4>           |   10.018|
B<6>           |C<5>           |   10.253|
B<6>           |C<6>           |    9.976|
B<6>           |C<7>           |   11.032|
B<6>           |C<8>           |   10.084|
B<6>           |C<9>           |   10.264|
B<6>           |C<10>          |   10.165|
B<6>           |C<11>          |   10.287|
B<6>           |C<12>          |    9.499|
B<6>           |C<13>          |    9.994|
B<6>           |C<14>          |   10.434|
B<6>           |C<15>          |    9.554|
B<6>           |C<16>          |    8.887|
B<6>           |C<17>          |    9.605|
B<6>           |C<18>          |   10.388|
B<6>           |C<19>          |   10.875|
B<6>           |C<20>          |    9.602|
B<6>           |C<21>          |   10.486|
B<6>           |C<22>          |   10.535|
B<6>           |C<23>          |   11.212|
B<6>           |C<24>          |    9.908|
B<6>           |C<25>          |   10.744|
B<6>           |C<26>          |   10.267|
B<6>           |C<27>          |   10.543|
B<6>           |C<28>          |    9.854|
B<6>           |C<29>          |    9.916|
B<6>           |C<30>          |   11.016|
B<6>           |C<31>          |    9.373|
B<7>           |C<0>           |    9.137|
B<7>           |C<1>           |    9.751|
B<7>           |C<2>           |   10.238|
B<7>           |C<3>           |   10.480|
B<7>           |C<4>           |    9.970|
B<7>           |C<5>           |   10.205|
B<7>           |C<6>           |    9.928|
B<7>           |C<7>           |   10.984|
B<7>           |C<8>           |   10.036|
B<7>           |C<9>           |   10.216|
B<7>           |C<10>          |   10.117|
B<7>           |C<11>          |   10.239|
B<7>           |C<12>          |    9.451|
B<7>           |C<13>          |    9.946|
B<7>           |C<14>          |   10.386|
B<7>           |C<15>          |    9.506|
B<7>           |C<16>          |    8.839|
B<7>           |C<17>          |    9.517|
B<7>           |C<18>          |   10.340|
B<7>           |C<19>          |   10.827|
B<7>           |C<20>          |    9.283|
B<7>           |C<21>          |   10.438|
B<7>           |C<22>          |   10.487|
B<7>           |C<23>          |   11.164|
B<7>           |C<24>          |    9.589|
B<7>           |C<25>          |   10.696|
B<7>           |C<26>          |   10.219|
B<7>           |C<27>          |   10.495|
B<7>           |C<28>          |    9.806|
B<7>           |C<29>          |    9.868|
B<7>           |C<30>          |   10.968|
B<7>           |C<31>          |    9.304|
B<8>           |C<0>           |    9.325|
B<8>           |C<1>           |    9.939|
B<8>           |C<2>           |   10.426|
B<8>           |C<3>           |   10.668|
B<8>           |C<4>           |   10.158|
B<8>           |C<5>           |   10.393|
B<8>           |C<6>           |   10.116|
B<8>           |C<7>           |   11.172|
B<8>           |C<8>           |   10.224|
B<8>           |C<9>           |   10.404|
B<8>           |C<10>          |   10.305|
B<8>           |C<11>          |   10.427|
B<8>           |C<12>          |    9.639|
B<8>           |C<13>          |   10.134|
B<8>           |C<14>          |   10.574|
B<8>           |C<15>          |    9.694|
B<8>           |C<16>          |    9.027|
B<8>           |C<17>          |    9.715|
B<8>           |C<18>          |   10.528|
B<8>           |C<19>          |   11.015|
B<8>           |C<20>          |    9.712|
B<8>           |C<21>          |   10.626|
B<8>           |C<22>          |   10.675|
B<8>           |C<23>          |   11.352|
B<8>           |C<24>          |   10.018|
B<8>           |C<25>          |   10.884|
B<8>           |C<26>          |   10.407|
B<8>           |C<27>          |   10.683|
B<8>           |C<28>          |    9.994|
B<8>           |C<29>          |   10.056|
B<8>           |C<30>          |   11.156|
B<8>           |C<31>          |    9.492|
B<9>           |C<0>           |    9.966|
B<9>           |C<1>           |   10.580|
B<9>           |C<2>           |   11.067|
B<9>           |C<3>           |   11.309|
B<9>           |C<4>           |   10.799|
B<9>           |C<5>           |   11.034|
B<9>           |C<6>           |   10.757|
B<9>           |C<7>           |   11.813|
B<9>           |C<8>           |   10.865|
B<9>           |C<9>           |   11.045|
B<9>           |C<10>          |   10.946|
B<9>           |C<11>          |   11.068|
B<9>           |C<12>          |   10.280|
B<9>           |C<13>          |   10.775|
B<9>           |C<14>          |   11.215|
B<9>           |C<15>          |   10.335|
B<9>           |C<16>          |    9.668|
B<9>           |C<17>          |   10.346|
B<9>           |C<18>          |   11.169|
B<9>           |C<19>          |   11.656|
B<9>           |C<20>          |   10.023|
B<9>           |C<21>          |   11.267|
B<9>           |C<22>          |   11.316|
B<9>           |C<23>          |   11.993|
B<9>           |C<24>          |   10.389|
B<9>           |C<25>          |   11.525|
B<9>           |C<26>          |   11.048|
B<9>           |C<27>          |   11.324|
B<9>           |C<28>          |   10.635|
B<9>           |C<29>          |   10.697|
B<9>           |C<30>          |   11.797|
B<9>           |C<31>          |   10.133|
B<10>          |C<0>           |    9.702|
B<10>          |C<1>           |   10.316|
B<10>          |C<2>           |   10.803|
B<10>          |C<3>           |   11.045|
B<10>          |C<4>           |   10.535|
B<10>          |C<5>           |   10.770|
B<10>          |C<6>           |   10.493|
B<10>          |C<7>           |   11.549|
B<10>          |C<8>           |   10.601|
B<10>          |C<9>           |   10.781|
B<10>          |C<10>          |   10.682|
B<10>          |C<11>          |   10.804|
B<10>          |C<12>          |   10.016|
B<10>          |C<13>          |   10.511|
B<10>          |C<14>          |   10.951|
B<10>          |C<15>          |   10.071|
B<10>          |C<16>          |    9.404|
B<10>          |C<17>          |   10.082|
B<10>          |C<18>          |   10.905|
B<10>          |C<19>          |   11.392|
B<10>          |C<20>          |    9.759|
B<10>          |C<21>          |   11.003|
B<10>          |C<22>          |   11.052|
B<10>          |C<23>          |   11.729|
B<10>          |C<24>          |   10.125|
B<10>          |C<25>          |   11.261|
B<10>          |C<26>          |   10.784|
B<10>          |C<27>          |   11.060|
B<10>          |C<28>          |   10.371|
B<10>          |C<29>          |   10.433|
B<10>          |C<30>          |   11.533|
B<10>          |C<31>          |    9.869|
B<11>          |C<0>           |    9.840|
B<11>          |C<1>           |   10.454|
B<11>          |C<2>           |   10.941|
B<11>          |C<3>           |   11.183|
B<11>          |C<4>           |   10.673|
B<11>          |C<5>           |   10.908|
B<11>          |C<6>           |   10.631|
B<11>          |C<7>           |   11.687|
B<11>          |C<8>           |   10.739|
B<11>          |C<9>           |   10.919|
B<11>          |C<10>          |   10.820|
B<11>          |C<11>          |   10.942|
B<11>          |C<12>          |   10.154|
B<11>          |C<13>          |   10.649|
B<11>          |C<14>          |   11.089|
B<11>          |C<15>          |   10.209|
B<11>          |C<16>          |    9.542|
B<11>          |C<17>          |   10.220|
B<11>          |C<18>          |   11.043|
B<11>          |C<19>          |   11.530|
B<11>          |C<20>          |    9.897|
B<11>          |C<21>          |   11.141|
B<11>          |C<22>          |   11.190|
B<11>          |C<23>          |   11.867|
B<11>          |C<24>          |   10.263|
B<11>          |C<25>          |   11.399|
B<11>          |C<26>          |   10.922|
B<11>          |C<27>          |   11.198|
B<11>          |C<28>          |   10.509|
B<11>          |C<29>          |   10.571|
B<11>          |C<30>          |   11.671|
B<11>          |C<31>          |   10.007|
B<12>          |C<0>           |   10.457|
B<12>          |C<1>           |   11.071|
B<12>          |C<2>           |   11.558|
B<12>          |C<3>           |   11.800|
B<12>          |C<4>           |   11.290|
B<12>          |C<5>           |   11.525|
B<12>          |C<6>           |   11.248|
B<12>          |C<7>           |   12.304|
B<12>          |C<8>           |   11.356|
B<12>          |C<9>           |   11.536|
B<12>          |C<10>          |   11.437|
B<12>          |C<11>          |   11.559|
B<12>          |C<12>          |   10.771|
B<12>          |C<13>          |   11.266|
B<12>          |C<14>          |   11.706|
B<12>          |C<15>          |   10.826|
B<12>          |C<16>          |   10.159|
B<12>          |C<17>          |   10.837|
B<12>          |C<18>          |   11.660|
B<12>          |C<19>          |   12.147|
B<12>          |C<20>          |   10.514|
B<12>          |C<21>          |   11.758|
B<12>          |C<22>          |   11.807|
B<12>          |C<23>          |   12.484|
B<12>          |C<24>          |   10.880|
B<12>          |C<25>          |   12.016|
B<12>          |C<26>          |   11.539|
B<12>          |C<27>          |   11.815|
B<12>          |C<28>          |   11.126|
B<12>          |C<29>          |   11.188|
B<12>          |C<30>          |   12.288|
B<12>          |C<31>          |   10.624|
B<13>          |C<0>           |   10.044|
B<13>          |C<1>           |   10.658|
B<13>          |C<2>           |   11.145|
B<13>          |C<3>           |   11.387|
B<13>          |C<4>           |   10.877|
B<13>          |C<5>           |   11.112|
B<13>          |C<6>           |   10.835|
B<13>          |C<7>           |   11.891|
B<13>          |C<8>           |   10.943|
B<13>          |C<9>           |   11.123|
B<13>          |C<10>          |   11.024|
B<13>          |C<11>          |   11.146|
B<13>          |C<12>          |   10.358|
B<13>          |C<13>          |   10.853|
B<13>          |C<14>          |   11.293|
B<13>          |C<15>          |   10.413|
B<13>          |C<16>          |    9.746|
B<13>          |C<17>          |   10.424|
B<13>          |C<18>          |   11.247|
B<13>          |C<19>          |   11.734|
B<13>          |C<20>          |   10.101|
B<13>          |C<21>          |   11.345|
B<13>          |C<22>          |   11.394|
B<13>          |C<23>          |   12.071|
B<13>          |C<24>          |   10.467|
B<13>          |C<25>          |   11.603|
B<13>          |C<26>          |   11.126|
B<13>          |C<27>          |   11.402|
B<13>          |C<28>          |   10.713|
B<13>          |C<29>          |   10.775|
B<13>          |C<30>          |   11.875|
B<13>          |C<31>          |   10.211|
B<14>          |C<0>           |   10.222|
B<14>          |C<1>           |   10.836|
B<14>          |C<2>           |   11.323|
B<14>          |C<3>           |   11.565|
B<14>          |C<4>           |   11.055|
B<14>          |C<5>           |   11.290|
B<14>          |C<6>           |   11.013|
B<14>          |C<7>           |   12.069|
B<14>          |C<8>           |   11.121|
B<14>          |C<9>           |   11.301|
B<14>          |C<10>          |   11.202|
B<14>          |C<11>          |   11.324|
B<14>          |C<12>          |   10.536|
B<14>          |C<13>          |   11.031|
B<14>          |C<14>          |   11.471|
B<14>          |C<15>          |   10.591|
B<14>          |C<16>          |    9.924|
B<14>          |C<17>          |   10.602|
B<14>          |C<18>          |   11.425|
B<14>          |C<19>          |   11.912|
B<14>          |C<20>          |   10.279|
B<14>          |C<21>          |   11.523|
B<14>          |C<22>          |   11.572|
B<14>          |C<23>          |   12.249|
B<14>          |C<24>          |   10.645|
B<14>          |C<25>          |   11.781|
B<14>          |C<26>          |   11.304|
B<14>          |C<27>          |   11.580|
B<14>          |C<28>          |   10.891|
B<14>          |C<29>          |   10.953|
B<14>          |C<30>          |   12.053|
B<14>          |C<31>          |   10.389|
B<15>          |C<0>           |   10.555|
B<15>          |C<1>           |   11.169|
B<15>          |C<2>           |   11.656|
B<15>          |C<3>           |   11.898|
B<15>          |C<4>           |   11.388|
B<15>          |C<5>           |   11.623|
B<15>          |C<6>           |   11.346|
B<15>          |C<7>           |   12.402|
B<15>          |C<8>           |   11.454|
B<15>          |C<9>           |   11.634|
B<15>          |C<10>          |   11.535|
B<15>          |C<11>          |   11.657|
B<15>          |C<12>          |   10.869|
B<15>          |C<13>          |   11.364|
B<15>          |C<14>          |   11.804|
B<15>          |C<15>          |   10.924|
B<15>          |C<16>          |   10.257|
B<15>          |C<17>          |   10.935|
B<15>          |C<18>          |   11.758|
B<15>          |C<19>          |   12.245|
B<15>          |C<20>          |   10.612|
B<15>          |C<21>          |   11.856|
B<15>          |C<22>          |   11.905|
B<15>          |C<23>          |   12.582|
B<15>          |C<24>          |   10.978|
B<15>          |C<25>          |   12.114|
B<15>          |C<26>          |   11.637|
B<15>          |C<27>          |   11.913|
B<15>          |C<28>          |   11.224|
B<15>          |C<29>          |   11.286|
B<15>          |C<30>          |   12.386|
B<15>          |C<31>          |   10.722|
B<16>          |C<0>           |   10.217|
B<16>          |C<1>           |   10.831|
B<16>          |C<2>           |   11.318|
B<16>          |C<3>           |   11.560|
B<16>          |C<4>           |   11.050|
B<16>          |C<5>           |   11.285|
B<16>          |C<6>           |   11.008|
B<16>          |C<7>           |   12.064|
B<16>          |C<8>           |   11.116|
B<16>          |C<9>           |   11.296|
B<16>          |C<10>          |   11.197|
B<16>          |C<11>          |   11.319|
B<16>          |C<12>          |   10.531|
B<16>          |C<13>          |   11.026|
B<16>          |C<14>          |   11.466|
B<16>          |C<15>          |   10.586|
B<16>          |C<16>          |    9.919|
B<16>          |C<17>          |   10.597|
B<16>          |C<18>          |   11.420|
B<16>          |C<19>          |   11.907|
B<16>          |C<20>          |   10.274|
B<16>          |C<21>          |   11.518|
B<16>          |C<22>          |   11.567|
B<16>          |C<23>          |   12.244|
B<16>          |C<24>          |   10.640|
B<16>          |C<25>          |   11.776|
B<16>          |C<26>          |   11.299|
B<16>          |C<27>          |   11.575|
B<16>          |C<28>          |   10.886|
B<16>          |C<29>          |   10.948|
B<16>          |C<30>          |   12.048|
B<16>          |C<31>          |   10.384|
B<17>          |C<0>           |   10.301|
B<17>          |C<1>           |   10.915|
B<17>          |C<2>           |   11.402|
B<17>          |C<3>           |   11.644|
B<17>          |C<4>           |   11.134|
B<17>          |C<5>           |   11.369|
B<17>          |C<6>           |   11.092|
B<17>          |C<7>           |   12.148|
B<17>          |C<8>           |   11.200|
B<17>          |C<9>           |   11.380|
B<17>          |C<10>          |   11.281|
B<17>          |C<11>          |   11.403|
B<17>          |C<12>          |   10.615|
B<17>          |C<13>          |   11.110|
B<17>          |C<14>          |   11.550|
B<17>          |C<15>          |   10.670|
B<17>          |C<16>          |   10.003|
B<17>          |C<17>          |   10.681|
B<17>          |C<18>          |   11.504|
B<17>          |C<19>          |   11.991|
B<17>          |C<20>          |   10.358|
B<17>          |C<21>          |   11.602|
B<17>          |C<22>          |   11.651|
B<17>          |C<23>          |   12.328|
B<17>          |C<24>          |   10.724|
B<17>          |C<25>          |   11.860|
B<17>          |C<26>          |   11.383|
B<17>          |C<27>          |   11.659|
B<17>          |C<28>          |   10.970|
B<17>          |C<29>          |   11.032|
B<17>          |C<30>          |   12.132|
B<17>          |C<31>          |   10.468|
B<18>          |C<0>           |   10.985|
B<18>          |C<1>           |   11.599|
B<18>          |C<2>           |   12.086|
B<18>          |C<3>           |   12.328|
B<18>          |C<4>           |   11.818|
B<18>          |C<5>           |   12.053|
B<18>          |C<6>           |   11.776|
B<18>          |C<7>           |   12.832|
B<18>          |C<8>           |   11.884|
B<18>          |C<9>           |   12.064|
B<18>          |C<10>          |   11.965|
B<18>          |C<11>          |   12.087|
B<18>          |C<12>          |   11.299|
B<18>          |C<13>          |   11.794|
B<18>          |C<14>          |   12.234|
B<18>          |C<15>          |   11.354|
B<18>          |C<16>          |   10.687|
B<18>          |C<17>          |   11.365|
B<18>          |C<18>          |   12.188|
B<18>          |C<19>          |   12.675|
B<18>          |C<20>          |   11.042|
B<18>          |C<21>          |   12.286|
B<18>          |C<22>          |   12.335|
B<18>          |C<23>          |   13.012|
B<18>          |C<24>          |   11.408|
B<18>          |C<25>          |   12.544|
B<18>          |C<26>          |   12.067|
B<18>          |C<27>          |   12.343|
B<18>          |C<28>          |   11.654|
B<18>          |C<29>          |   11.716|
B<18>          |C<30>          |   12.816|
B<18>          |C<31>          |   11.152|
B<19>          |C<0>           |   10.982|
B<19>          |C<1>           |   11.596|
B<19>          |C<2>           |   12.083|
B<19>          |C<3>           |   12.325|
B<19>          |C<4>           |   11.815|
B<19>          |C<5>           |   12.050|
B<19>          |C<6>           |   11.773|
B<19>          |C<7>           |   12.829|
B<19>          |C<8>           |   11.881|
B<19>          |C<9>           |   12.061|
B<19>          |C<10>          |   11.962|
B<19>          |C<11>          |   12.084|
B<19>          |C<12>          |   11.296|
B<19>          |C<13>          |   11.791|
B<19>          |C<14>          |   12.231|
B<19>          |C<15>          |   11.351|
B<19>          |C<16>          |   10.684|
B<19>          |C<17>          |   11.362|
B<19>          |C<18>          |   12.185|
B<19>          |C<19>          |   12.672|
B<19>          |C<20>          |   11.039|
B<19>          |C<21>          |   12.283|
B<19>          |C<22>          |   12.332|
B<19>          |C<23>          |   13.009|
B<19>          |C<24>          |   11.405|
B<19>          |C<25>          |   12.541|
B<19>          |C<26>          |   12.064|
B<19>          |C<27>          |   12.340|
B<19>          |C<28>          |   11.651|
B<19>          |C<29>          |   11.713|
B<19>          |C<30>          |   12.813|
B<19>          |C<31>          |   11.149|
B<20>          |C<0>           |   10.802|
B<20>          |C<1>           |   11.416|
B<20>          |C<2>           |   11.903|
B<20>          |C<3>           |   12.145|
B<20>          |C<4>           |   11.635|
B<20>          |C<5>           |   11.870|
B<20>          |C<6>           |   11.593|
B<20>          |C<7>           |   12.649|
B<20>          |C<8>           |   11.701|
B<20>          |C<9>           |   11.881|
B<20>          |C<10>          |   11.782|
B<20>          |C<11>          |   11.904|
B<20>          |C<12>          |   11.116|
B<20>          |C<13>          |   11.611|
B<20>          |C<14>          |   12.051|
B<20>          |C<15>          |   11.171|
B<20>          |C<16>          |   10.504|
B<20>          |C<17>          |   11.182|
B<20>          |C<18>          |   12.005|
B<20>          |C<19>          |   12.492|
B<20>          |C<20>          |   10.859|
B<20>          |C<21>          |   12.103|
B<20>          |C<22>          |   12.152|
B<20>          |C<23>          |   12.829|
B<20>          |C<24>          |   11.225|
B<20>          |C<25>          |   12.361|
B<20>          |C<26>          |   11.884|
B<20>          |C<27>          |   12.160|
B<20>          |C<28>          |   11.471|
B<20>          |C<29>          |   11.533|
B<20>          |C<30>          |   12.633|
B<20>          |C<31>          |   10.969|
B<21>          |C<0>           |    9.193|
B<21>          |C<1>           |    9.807|
B<21>          |C<2>           |   10.294|
B<21>          |C<3>           |   10.536|
B<21>          |C<4>           |   10.026|
B<21>          |C<5>           |   10.261|
B<21>          |C<6>           |    9.984|
B<21>          |C<7>           |   11.040|
B<21>          |C<8>           |   10.092|
B<21>          |C<9>           |   10.272|
B<21>          |C<10>          |   10.173|
B<21>          |C<11>          |   10.295|
B<21>          |C<12>          |    9.507|
B<21>          |C<13>          |   10.002|
B<21>          |C<14>          |   10.442|
B<21>          |C<15>          |    9.562|
B<21>          |C<16>          |    8.895|
B<21>          |C<17>          |    9.573|
B<21>          |C<18>          |   10.396|
B<21>          |C<19>          |   10.883|
B<21>          |C<20>          |    9.250|
B<21>          |C<21>          |   10.494|
B<21>          |C<22>          |   10.543|
B<21>          |C<23>          |   11.220|
B<21>          |C<24>          |   10.729|
B<21>          |C<25>          |   10.752|
B<21>          |C<26>          |   10.341|
B<21>          |C<27>          |   10.551|
B<21>          |C<28>          |   10.251|
B<21>          |C<29>          |   10.674|
B<21>          |C<30>          |   11.024|
B<21>          |C<31>          |   10.194|
B<22>          |C<0>           |    9.408|
B<22>          |C<1>           |   10.022|
B<22>          |C<2>           |   10.509|
B<22>          |C<3>           |   10.751|
B<22>          |C<4>           |   10.241|
B<22>          |C<5>           |   10.476|
B<22>          |C<6>           |   10.199|
B<22>          |C<7>           |   11.255|
B<22>          |C<8>           |   10.307|
B<22>          |C<9>           |   10.487|
B<22>          |C<10>          |   10.388|
B<22>          |C<11>          |   10.510|
B<22>          |C<12>          |    9.722|
B<22>          |C<13>          |   10.217|
B<22>          |C<14>          |   10.657|
B<22>          |C<15>          |    9.777|
B<22>          |C<16>          |    9.110|
B<22>          |C<17>          |    9.788|
B<22>          |C<18>          |   10.611|
B<22>          |C<19>          |   11.098|
B<22>          |C<20>          |    9.465|
B<22>          |C<21>          |   10.709|
B<22>          |C<22>          |   10.758|
B<22>          |C<23>          |   11.435|
B<22>          |C<24>          |   10.575|
B<22>          |C<25>          |   10.967|
B<22>          |C<26>          |   10.490|
B<22>          |C<27>          |   10.766|
B<22>          |C<28>          |   10.097|
B<22>          |C<29>          |   10.520|
B<22>          |C<30>          |   11.239|
B<22>          |C<31>          |   10.040|
B<23>          |C<0>           |    9.727|
B<23>          |C<1>           |   10.341|
B<23>          |C<2>           |   10.828|
B<23>          |C<3>           |   11.070|
B<23>          |C<4>           |   10.560|
B<23>          |C<5>           |   10.795|
B<23>          |C<6>           |   10.518|
B<23>          |C<7>           |   11.574|
B<23>          |C<8>           |   10.626|
B<23>          |C<9>           |   10.806|
B<23>          |C<10>          |   10.707|
B<23>          |C<11>          |   10.829|
B<23>          |C<12>          |   10.041|
B<23>          |C<13>          |   10.536|
B<23>          |C<14>          |   10.976|
B<23>          |C<15>          |   10.096|
B<23>          |C<16>          |    9.429|
B<23>          |C<17>          |   10.107|
B<23>          |C<18>          |   10.930|
B<23>          |C<19>          |   11.417|
B<23>          |C<20>          |    9.784|
B<23>          |C<21>          |   11.028|
B<23>          |C<22>          |   11.077|
B<23>          |C<23>          |   11.754|
B<23>          |C<24>          |   10.150|
B<23>          |C<25>          |   11.286|
B<23>          |C<26>          |   10.809|
B<23>          |C<27>          |   11.085|
B<23>          |C<28>          |   10.396|
B<23>          |C<29>          |   10.458|
B<23>          |C<30>          |   11.558|
B<23>          |C<31>          |    9.894|
B<24>          |C<0>           |   10.133|
B<24>          |C<1>           |   10.747|
B<24>          |C<2>           |   11.234|
B<24>          |C<3>           |   11.476|
B<24>          |C<4>           |   10.966|
B<24>          |C<5>           |   11.201|
B<24>          |C<6>           |   10.924|
B<24>          |C<7>           |   11.980|
B<24>          |C<8>           |   11.032|
B<24>          |C<9>           |   11.212|
B<24>          |C<10>          |   11.113|
B<24>          |C<11>          |   11.235|
B<24>          |C<12>          |   10.447|
B<24>          |C<13>          |   10.942|
B<24>          |C<14>          |   11.382|
B<24>          |C<15>          |   10.502|
B<24>          |C<16>          |    9.835|
B<24>          |C<17>          |   10.513|
B<24>          |C<18>          |   11.336|
B<24>          |C<19>          |   11.823|
B<24>          |C<20>          |   10.190|
B<24>          |C<21>          |   11.434|
B<24>          |C<22>          |   11.483|
B<24>          |C<23>          |   12.160|
B<24>          |C<24>          |   10.556|
B<24>          |C<25>          |   11.692|
B<24>          |C<26>          |   11.215|
B<24>          |C<27>          |   11.491|
B<24>          |C<28>          |   10.802|
B<24>          |C<29>          |   10.864|
B<24>          |C<30>          |   11.964|
B<24>          |C<31>          |   10.300|
B<25>          |C<0>           |   10.658|
B<25>          |C<1>           |   11.272|
B<25>          |C<2>           |   11.759|
B<25>          |C<3>           |   12.001|
B<25>          |C<4>           |   11.491|
B<25>          |C<5>           |   11.726|
B<25>          |C<6>           |   11.449|
B<25>          |C<7>           |   12.505|
B<25>          |C<8>           |   11.557|
B<25>          |C<9>           |   11.737|
B<25>          |C<10>          |   11.638|
B<25>          |C<11>          |   11.760|
B<25>          |C<12>          |   10.972|
B<25>          |C<13>          |   11.467|
B<25>          |C<14>          |   11.907|
B<25>          |C<15>          |   11.027|
B<25>          |C<16>          |   10.360|
B<25>          |C<17>          |   11.038|
B<25>          |C<18>          |   11.861|
B<25>          |C<19>          |   12.348|
B<25>          |C<20>          |   10.715|
B<25>          |C<21>          |   11.959|
B<25>          |C<22>          |   12.008|
B<25>          |C<23>          |   12.685|
B<25>          |C<24>          |   11.081|
B<25>          |C<25>          |   12.217|
B<25>          |C<26>          |   11.740|
B<25>          |C<27>          |   12.016|
B<25>          |C<28>          |   11.327|
B<25>          |C<29>          |   11.389|
B<25>          |C<30>          |   12.489|
B<25>          |C<31>          |   10.825|
B<26>          |C<0>           |   10.314|
B<26>          |C<1>           |   10.928|
B<26>          |C<2>           |   11.415|
B<26>          |C<3>           |   11.657|
B<26>          |C<4>           |   11.147|
B<26>          |C<5>           |   11.382|
B<26>          |C<6>           |   11.105|
B<26>          |C<7>           |   12.161|
B<26>          |C<8>           |   11.213|
B<26>          |C<9>           |   11.393|
B<26>          |C<10>          |   11.294|
B<26>          |C<11>          |   11.416|
B<26>          |C<12>          |   10.628|
B<26>          |C<13>          |   11.123|
B<26>          |C<14>          |   11.563|
B<26>          |C<15>          |   10.683|
B<26>          |C<16>          |   10.016|
B<26>          |C<17>          |   10.694|
B<26>          |C<18>          |   11.517|
B<26>          |C<19>          |   12.004|
B<26>          |C<20>          |   10.371|
B<26>          |C<21>          |   11.615|
B<26>          |C<22>          |   11.664|
B<26>          |C<23>          |   12.341|
B<26>          |C<24>          |   10.737|
B<26>          |C<25>          |   11.873|
B<26>          |C<26>          |   11.396|
B<26>          |C<27>          |   11.672|
B<26>          |C<28>          |   10.983|
B<26>          |C<29>          |   11.045|
B<26>          |C<30>          |   12.145|
B<26>          |C<31>          |   10.481|
B<27>          |C<0>           |   10.291|
B<27>          |C<1>           |   10.905|
B<27>          |C<2>           |   11.392|
B<27>          |C<3>           |   11.634|
B<27>          |C<4>           |   11.124|
B<27>          |C<5>           |   11.359|
B<27>          |C<6>           |   11.082|
B<27>          |C<7>           |   12.138|
B<27>          |C<8>           |   11.190|
B<27>          |C<9>           |   11.370|
B<27>          |C<10>          |   11.271|
B<27>          |C<11>          |   11.393|
B<27>          |C<12>          |   10.605|
B<27>          |C<13>          |   11.100|
B<27>          |C<14>          |   11.540|
B<27>          |C<15>          |   10.660|
B<27>          |C<16>          |    9.993|
B<27>          |C<17>          |   10.671|
B<27>          |C<18>          |   11.494|
B<27>          |C<19>          |   11.981|
B<27>          |C<20>          |   10.348|
B<27>          |C<21>          |   11.592|
B<27>          |C<22>          |   11.641|
B<27>          |C<23>          |   12.318|
B<27>          |C<24>          |   10.714|
B<27>          |C<25>          |   11.850|
B<27>          |C<26>          |   11.373|
B<27>          |C<27>          |   11.649|
B<27>          |C<28>          |   10.960|
B<27>          |C<29>          |   11.022|
B<27>          |C<30>          |   12.122|
B<27>          |C<31>          |   10.458|
B<28>          |C<0>           |    8.889|
B<28>          |C<1>           |    9.503|
B<28>          |C<2>           |    9.990|
B<28>          |C<3>           |   10.232|
B<28>          |C<4>           |    9.722|
B<28>          |C<5>           |    9.957|
B<28>          |C<6>           |    9.680|
B<28>          |C<7>           |   10.736|
B<28>          |C<8>           |    9.788|
B<28>          |C<9>           |    9.968|
B<28>          |C<10>          |    9.869|
B<28>          |C<11>          |    9.991|
B<28>          |C<12>          |    9.203|
B<28>          |C<13>          |    9.698|
B<28>          |C<14>          |   10.138|
B<28>          |C<15>          |    9.258|
B<28>          |C<16>          |    8.591|
B<28>          |C<17>          |    9.269|
B<28>          |C<18>          |   10.092|
B<28>          |C<19>          |   10.579|
B<28>          |C<20>          |    8.946|
B<28>          |C<21>          |   10.190|
B<28>          |C<22>          |   10.239|
B<28>          |C<23>          |   10.916|
B<28>          |C<24>          |    9.312|
B<28>          |C<25>          |   10.448|
B<28>          |C<26>          |    9.971|
B<28>          |C<27>          |   10.247|
B<28>          |C<28>          |    9.558|
B<28>          |C<29>          |    9.620|
B<28>          |C<30>          |   10.720|
B<28>          |C<31>          |    9.248|
B<29>          |C<0>           |    9.277|
B<29>          |C<1>           |    9.891|
B<29>          |C<2>           |   10.378|
B<29>          |C<3>           |   10.620|
B<29>          |C<4>           |   10.110|
B<29>          |C<5>           |   10.345|
B<29>          |C<6>           |   10.068|
B<29>          |C<7>           |   11.124|
B<29>          |C<8>           |   10.176|
B<29>          |C<9>           |   10.356|
B<29>          |C<10>          |   10.257|
B<29>          |C<11>          |   10.379|
B<29>          |C<12>          |    9.591|
B<29>          |C<13>          |   10.086|
B<29>          |C<14>          |   10.526|
B<29>          |C<15>          |    9.646|
B<29>          |C<16>          |    8.979|
B<29>          |C<17>          |    9.657|
B<29>          |C<18>          |   10.480|
B<29>          |C<19>          |   10.967|
B<29>          |C<20>          |    9.334|
B<29>          |C<21>          |   10.578|
B<29>          |C<22>          |   10.627|
B<29>          |C<23>          |   11.304|
B<29>          |C<24>          |    9.700|
B<29>          |C<25>          |   10.836|
B<29>          |C<26>          |   10.359|
B<29>          |C<27>          |   10.635|
B<29>          |C<28>          |    9.946|
B<29>          |C<29>          |   10.022|
B<29>          |C<30>          |   11.108|
B<29>          |C<31>          |    9.838|
B<30>          |C<0>           |    9.718|
B<30>          |C<1>           |   10.332|
B<30>          |C<2>           |   10.819|
B<30>          |C<3>           |   11.061|
B<30>          |C<4>           |   10.551|
B<30>          |C<5>           |   10.786|
B<30>          |C<6>           |   10.509|
B<30>          |C<7>           |   11.565|
B<30>          |C<8>           |   10.617|
B<30>          |C<9>           |   10.797|
B<30>          |C<10>          |   10.698|
B<30>          |C<11>          |   10.820|
B<30>          |C<12>          |   10.032|
B<30>          |C<13>          |   10.527|
B<30>          |C<14>          |   10.967|
B<30>          |C<15>          |   10.087|
B<30>          |C<16>          |    9.420|
B<30>          |C<17>          |   10.098|
B<30>          |C<18>          |   10.921|
B<30>          |C<19>          |   11.408|
B<30>          |C<20>          |    9.775|
B<30>          |C<21>          |   11.019|
B<30>          |C<22>          |   11.068|
B<30>          |C<23>          |   11.745|
B<30>          |C<24>          |   10.141|
B<30>          |C<25>          |   11.277|
B<30>          |C<26>          |   10.800|
B<30>          |C<27>          |   11.076|
B<30>          |C<28>          |   10.387|
B<30>          |C<29>          |   10.449|
B<30>          |C<30>          |   11.549|
B<30>          |C<31>          |    9.885|
B<31>          |C<0>           |    9.861|
B<31>          |C<1>           |   10.475|
B<31>          |C<2>           |   10.962|
B<31>          |C<3>           |   11.204|
B<31>          |C<4>           |   10.694|
B<31>          |C<5>           |   10.929|
B<31>          |C<6>           |   10.652|
B<31>          |C<7>           |   11.708|
B<31>          |C<8>           |   10.760|
B<31>          |C<9>           |   10.940|
B<31>          |C<10>          |   10.841|
B<31>          |C<11>          |   10.963|
B<31>          |C<12>          |   10.175|
B<31>          |C<13>          |   10.670|
B<31>          |C<14>          |   11.110|
B<31>          |C<15>          |   10.230|
B<31>          |C<16>          |    9.563|
B<31>          |C<17>          |   10.241|
B<31>          |C<18>          |   11.064|
B<31>          |C<19>          |   11.551|
B<31>          |C<20>          |    9.918|
B<31>          |C<21>          |   11.162|
B<31>          |C<22>          |   11.211|
B<31>          |C<23>          |   11.888|
B<31>          |C<24>          |   10.284|
B<31>          |C<25>          |   11.420|
B<31>          |C<26>          |   10.943|
B<31>          |C<27>          |   11.219|
B<31>          |C<28>          |   10.530|
B<31>          |C<29>          |   10.592|
B<31>          |C<30>          |   11.692|
B<31>          |C<31>          |   10.028|
---------------+---------------+---------+


Analysis completed Thu Oct 12 08:09:21 2023 
--------------------------------------------------------------------------------

Trace Settings:
-------------------------
Trace Settings 

Peak Memory Usage: 5019 MB



