Running: C:\Xilinx\14.7\ISE_DS\ISE\bin\nt64\unwrapped\fuse.exe -intstyle ise -incremental -lib unisims_ver -lib unimacro_ver -lib xilinxcorelib_ver -o C:/Users/Aron_/Desktop/lessons/SecondYear1/CO/Verilog_Project/P4_L0_weak_2023/mips_tb_isim_beh.exe -prj C:/Users/Aron_/Desktop/lessons/SecondYear1/CO/Verilog_Project/P4_L0_weak_2023/mips_tb_beh.prj work.mips_tb work.glbl 
ISim P.20131013 (signature 0x7708f090)
Number of CPUs detected in this system: 20
Turning on mult-threading, number of parallel sub-compilation jobs: 40 
Determining compilation order of HDL files
Analyzing Verilog file "C:/Users/Aron_/Desktop/lessons/SecondYear1/CO/Verilog_Project/P4_L0_weak_2023/NPC.v" into library work
Analyzing Verilog file "C:/Users/Aron_/Desktop/lessons/SecondYear1/CO/Verilog_Project/P4_L0_weak_2023/MUX.v" into library work
Analyzing Verilog file "C:/Users/Aron_/Desktop/lessons/SecondYear1/CO/Verilog_Project/P4_L0_weak_2023/IFU.v" into library work
Analyzing Verilog file "C:/Users/Aron_/Desktop/lessons/SecondYear1/CO/Verilog_Project/P4_L0_weak_2023/GRF.v" into library work
Analyzing Verilog file "C:/Users/Aron_/Desktop/lessons/SecondYear1/CO/Verilog_Project/P4_L0_weak_2023/EXT.v" into library work
WARNING:HDLCompiler:327 - "C:/Users/Aron_/Desktop/lessons/SecondYear1/CO/Verilog_Project/P4_L0_weak_2023/EXT.v" Line 32: Concatenation with unsized literal; will interpret as 32 bits
Analyzing Verilog file "C:/Users/Aron_/Desktop/lessons/SecondYear1/CO/Verilog_Project/P4_L0_weak_2023/DM.v" into library work
WARNING:HDLCompiler:327 - "C:/Users/Aron_/Desktop/lessons/SecondYear1/CO/Verilog_Project/P4_L0_weak_2023/DM.v" Line 84: Concatenation with unsized literal; will interpret as 32 bits
WARNING:HDLCompiler:327 - "C:/Users/Aron_/Desktop/lessons/SecondYear1/CO/Verilog_Project/P4_L0_weak_2023/DM.v" Line 85: Concatenation with unsized literal; will interpret as 32 bits
WARNING:HDLCompiler:327 - "C:/Users/Aron_/Desktop/lessons/SecondYear1/CO/Verilog_Project/P4_L0_weak_2023/DM.v" Line 86: Concatenation with unsized literal; will interpret as 32 bits
WARNING:HDLCompiler:327 - "C:/Users/Aron_/Desktop/lessons/SecondYear1/CO/Verilog_Project/P4_L0_weak_2023/DM.v" Line 87: Concatenation with unsized literal; will interpret as 32 bits
Analyzing Verilog file "C:/Users/Aron_/Desktop/lessons/SecondYear1/CO/Verilog_Project/P4_L0_weak_2023/Controller.v" into library work
Analyzing Verilog file "C:/Users/Aron_/Desktop/lessons/SecondYear1/CO/Verilog_Project/P4_L0_weak_2023/ALU.v" into library work
Analyzing Verilog file "C:/Users/Aron_/Desktop/lessons/SecondYear1/CO/Verilog_Project/P4_L0_weak_2023/mips.v" into library work
Analyzing Verilog file "C:/Users/Aron_/Desktop/lessons/SecondYear1/CO/Verilog_Project/P4_L0_weak_2023/mips_tb.v" into library work
Analyzing Verilog file "C:/Xilinx/14.7/ISE_DS/ISE//verilog/src/glbl.v" into library work
Starting static elaboration
WARNING:HDLCompiler:327 - "C:/Users/Aron_/Desktop/lessons/SecondYear1/CO/Verilog_Project/P4_L0_weak_2023/EXT.v" Line 32: Concatenation with unsized literal; will interpret as 32 bits
WARNING:HDLCompiler:327 - "C:/Users/Aron_/Desktop/lessons/SecondYear1/CO/Verilog_Project/P4_L0_weak_2023/DM.v" Line 84: Concatenation with unsized literal; will interpret as 32 bits
WARNING:HDLCompiler:327 - "C:/Users/Aron_/Desktop/lessons/SecondYear1/CO/Verilog_Project/P4_L0_weak_2023/DM.v" Line 85: Concatenation with unsized literal; will interpret as 32 bits
WARNING:HDLCompiler:327 - "C:/Users/Aron_/Desktop/lessons/SecondYear1/CO/Verilog_Project/P4_L0_weak_2023/DM.v" Line 86: Concatenation with unsized literal; will interpret as 32 bits
WARNING:HDLCompiler:327 - "C:/Users/Aron_/Desktop/lessons/SecondYear1/CO/Verilog_Project/P4_L0_weak_2023/DM.v" Line 87: Concatenation with unsized literal; will interpret as 32 bits
Completed static elaboration
Compiling module Controller
Compiling module EXT
Compiling module IFU
Compiling module mux32Bit_2
Compiling module ALU
Compiling module mux5Bit_3
Compiling module mux32Bit_3
Compiling module GRF
Compiling module DM
Compiling module NPC
Compiling module mips
Compiling module mips_tb
Compiling module glbl
Time Resolution for simulation is 1ps.
Compiled 13 Verilog Units
Built simulation executable C:/Users/Aron_/Desktop/lessons/SecondYear1/CO/Verilog_Project/P4_L0_weak_2023/mips_tb_isim_beh.exe
Fuse Memory Usage: 31496 KB
Fuse CPU Usage: 296 ms
