ISim log file
Running: C:\Users\Aron_\Desktop\lessons\SecondYear1\CO\Verilog_Project\P5_L0_weak_2023\mips_tb_isim_beh.exe -intstyle ise -gui -tclbatch isim.cmd -wdb C:/Users/Aron_/Desktop/lessons/SecondYear1/CO/Verilog_Project/P5_L0_weak_2023/mips_tb_isim_beh.wdb 
ISim P.20131013 (signature 0x7708f090)
----------------------------------------------------------------------
WARNING:Security:42 - Your software subscription period has lapsed. Your current version of Xilinx tools will continue to function, but you no longer qualify for Xilinx software updates or new releases.


----------------------------------------------------------------------
This is a Full version of ISim.
WARNING: File "C:/Users/Aron_/Desktop/lessons/SecondYear1/CO/Verilog_Project/P5_L0_weak_2023/mips.v" Line 337.  For instance uut/E_control/, width 2 of formal port regDst is not equal to width 1 of actual signal E_regDst.
Time resolution is 1 ps
# onerror resume
# wave add /
# run 1000 ns
Simulator is doing circuit initialization process.
Finished circuit initialization process.
                  50@00003000: $28 <= 00000000
                  60@00003004: $29 <= 00000000
                  70@00003008: $ 1 <= 00001010
                  80@0000300c: $ 2 <= 87230000
                  90@00003010: $ 3 <= 00007856
                 100@00003014: $ 4 <= 85ff0000
                 110@00003018: $ 5 <= 00000001
                 120@0000301c: $ 6 <= ffff0000
                 130@00003020: $ 7 <= 0000ffff
                 140@00003024: $ 1 <= 87231010
                 150@00003028: $ 9 <= 87238866
                 160@0000302c: $ 8 <= 00001010
                 220@0000304c: $ 2 <= 0000000c
                 260@0000305c: $31 <= 00003064
                 260@00003060: *0000000c <= 87231010
                 280@0000306c: $ 1 <= 8723101c
                 290@00003070: $ 1 <= 87231028
                 300@00003074: $ 1 <= 87231034
                 300@00003078: *0000000c <= 00003064
                 320@0000307c: $ 1 <= 00003064
                 360@00003090: *0000000c <= 00003064
                 390@00003068: $ 1 <= 00003070
# restart
# run 1.00us
Simulator is doing circuit initialization process.
Finished circuit initialization process.
                  50@00003000: $28 <= 00000000
                  60@00003004: $29 <= 00000000
                  70@00003008: $ 1 <= 00001010
                  80@0000300c: $ 2 <= 87230000
                  90@00003010: $ 3 <= 00007856
                 100@00003014: $ 4 <= 85ff0000
                 110@00003018: $ 5 <= 00000001
                 120@0000301c: $ 6 <= ffff0000
                 130@00003020: $ 7 <= 0000ffff
                 140@00003024: $ 1 <= 87231010
                 150@00003028: $ 9 <= 87238866
                 160@0000302c: $ 8 <= 00001010
                 220@0000304c: $ 2 <= 0000000c
                 260@0000305c: $31 <= 00003064
                 260@00003060: *0000000c <= 87231010
                 280@0000306c: $ 1 <= 8723101c
                 290@00003070: $ 1 <= 87231028
                 300@00003074: $ 1 <= 87231034
                 300@00003078: *0000000c <= 00003064
                 320@0000307c: $ 1 <= 00003064
                 360@00003090: *0000000c <= 00003064
                 390@00003068: $ 1 <= 00003070
# restart
# run 1.00us
Simulator is doing circuit initialization process.
Finished circuit initialization process.
                  50@00003000: $28 <= 00000000
                  60@00003004: $29 <= 00000000
                  70@00003008: $ 1 <= 00001010
                  80@0000300c: $ 2 <= 87230000
                  90@00003010: $ 3 <= 00007856
                 100@00003014: $ 4 <= 85ff0000
                 110@00003018: $ 5 <= 00000001
                 120@0000301c: $ 6 <= ffff0000
                 130@00003020: $ 7 <= 0000ffff
                 140@00003024: $ 1 <= 87231010
                 150@00003028: $ 9 <= 87238866
                 160@0000302c: $ 8 <= 00001010
                 220@0000304c: $ 2 <= 0000000c
                 260@0000305c: $31 <= 00003064
                 260@00003060: *0000000c <= 87231010
                 280@0000306c: $ 1 <= 8723101c
                 290@00003070: $ 1 <= 87231028
                 300@00003074: $ 1 <= 87231034
                 300@00003078: *0000000c <= 00003064
                 320@0000307c: $ 1 <= 00003064
                 360@00003090: *0000000c <= 00003064
                 390@00003068: $ 1 <= 00003070
# restart
# run 1.00us
Simulator is doing circuit initialization process.
Finished circuit initialization process.
                  50@00003000: $28 <= 00000000
                  60@00003004: $29 <= 00000000
                  70@00003008: $ 1 <= 00001010
                  80@0000300c: $ 2 <= 87230000
                  90@00003010: $ 3 <= 00007856
                 100@00003014: $ 4 <= 85ff0000
                 110@00003018: $ 5 <= 00000001
                 120@0000301c: $ 6 <= ffff0000
                 130@00003020: $ 7 <= 0000ffff
                 140@00003024: $ 1 <= 87231010
                 150@00003028: $ 9 <= 87238866
                 160@0000302c: $ 8 <= 00001010
                 220@0000304c: $ 2 <= 0000000c
                 260@0000305c: $31 <= 00003064
                 260@00003060: *0000000c <= 87231010
                 280@0000306c: $ 1 <= 8723101c
                 290@00003070: $ 1 <= 87231028
                 300@00003074: $ 1 <= 87231034
                 300@00003078: *0000000c <= 00003064
                 320@0000307c: $ 1 <= 00003064
                 360@00003090: *0000000c <= 00003064
                 390@00003068: $ 1 <= 00003070
# restart
# run 1.00us
Simulator is doing circuit initialization process.
Finished circuit initialization process.
                  50@00003000: $28 <= 00000000
                  60@00003004: $29 <= 00000000
                  70@00003008: $ 1 <= 00001010
                  80@0000300c: $ 2 <= 87230000
                  90@00003010: $ 3 <= 00007856
                 100@00003014: $ 4 <= 85ff0000
                 110@00003018: $ 5 <= 00000001
                 120@0000301c: $ 6 <= ffff0000
                 130@00003020: $ 7 <= 0000ffff
                 140@00003024: $ 1 <= 87231010
                 150@00003028: $ 9 <= 87238866
                 160@0000302c: $ 8 <= 00001010
                 220@0000304c: $ 2 <= 0000000c
                 260@0000305c: $31 <= 00003064
                 260@00003060: *0000000c <= 87231010
                 280@0000306c: $ 1 <= 8723101c
                 290@00003070: $ 1 <= 87231028
                 300@00003074: $ 1 <= 87231034
                 300@00003078: *0000000c <= 00003064
                 320@0000307c: $ 1 <= 00003064
                 360@00003090: *0000000c <= 00003064
                 390@00003068: $ 1 <= 00003070
# restart
# run 1.00us
Simulator is doing circuit initialization process.
Finished circuit initialization process.
                  50@00003000: $28 <= 00000000
                  60@00003004: $29 <= 00000000
                  70@00003008: $ 1 <= 00001010
                  80@0000300c: $ 2 <= 87230000
                  90@00003010: $ 3 <= 00007856
                 100@00003014: $ 4 <= 85ff0000
                 110@00003018: $ 5 <= 00000001
                 120@0000301c: $ 6 <= ffff0000
                 130@00003020: $ 7 <= 0000ffff
                 140@00003024: $ 1 <= 87231010
                 150@00003028: $ 9 <= 87238866
                 160@0000302c: $ 8 <= 00001010
                 220@0000304c: $ 2 <= 0000000c
                 260@0000305c: $31 <= 00003064
                 260@00003060: *0000000c <= 87231010
                 280@0000306c: $ 1 <= 8723101c
                 290@00003070: $ 1 <= 87231028
                 300@00003074: $ 1 <= 87231034
                 300@00003078: *0000000c <= 00003064
                 320@0000307c: $ 1 <= 00003064
                 360@00003090: *0000000c <= 00003064
                 390@00003068: $ 1 <= 00003070
