ISim log file
Running: C:\Users\Aron_\Desktop\lessons\SecondYear1\CO\Verilog_Project\P5_L0_Strong_2023\mips_tb_isim_beh.exe -intstyle ise -gui -tclbatch isim.cmd -wdb C:/Users/Aron_/Desktop/lessons/SecondYear1/CO/Verilog_Project/P5_L0_Strong_2023/mips_tb_isim_beh.wdb 
ISim P.20131013 (signature 0x7708f090)
----------------------------------------------------------------------
WARNING:Security:42 - Your software subscription period has lapsed. Your current version of Xilinx tools will continue to function, but you no longer qualify for Xilinx software updates or new releases.


----------------------------------------------------------------------
This is a Full version of ISim.
Time resolution is 1 ps
# onerror resume
# wave add /
# run 1000 ns
Simulator is doing circuit initialization process.
Finished circuit initialization process.
                  50@00003000: $ 4 <= 00000000
                  70@00003008: $21 <= 34e20000
                  80@0000300c: $22 <= 00005db7
                  80@00003010: *00002704 <= 00005db7
                 100@00003014: $22 <= 00001064
                 100@00003018: *00000c8c <= 34e20000
                 140@00003024: $20 <= 000010b0
                 150@00003028: $22 <= 00000000
                 170@0000302c: $20 <= cb1e0000
                 180@00003030: $21 <= 34e20000
                 190@00003034: $20 <= cb1e2ecd
                 200@00003038: $22 <= cb1eaffd
                 220@00003040: $22 <= 00006907
                 220@00003044: *00002ab4 <= 34e20000
                 240@00003048: $22 <= 0000d20e
                 270@00003054: $20 <= 00002d24
                 270@00003058: *00002f24 <= 34e20000
                 290@0000305c: $22 <= 34e22d24
                 300@00003060: $21 <= ffffd2dc
                 310@00003064: $21 <= f7280000
                 320@00003068: $21 <= 4d260000
                 330@0000306c: $21 <= 15260000
                 340@00003070: $20 <= 000003f9
                 340@00003074: *000017f4 <= 15260000
                 360@00003078: $21 <= 0000060d
                 360@0000307c: *000018b8 <= 000003f9
                 380@00003080: $21 <= 7ba70000
                 390@00003084: $22 <= 000055d1
                 400@00003088: $22 <= 00000000
                 410@0000308c: $22 <= d13a0000
                 420@00003090: $20 <= d13a03f9
                 430@00003094: $20 <= 2e1a0000
                 440@00003098: $21 <= a9c10000
                 460@000030a0: $20 <= 00001225
                 470@000030a4: $22 <= 00000000
                 480@000030a8: $20 <= a9c11225
                 500@000030b0: $22 <= 70830000
                 510@000030b4: $20 <= 2d360000
                 520@000030b8: $20 <= 9db90000
                 530@000030bc: $20 <= 6c8c0000
                 550@000030c4: $20 <= 00001e35
                 560@000030c8: $20 <= 00000000
                 570@000030cc: $21 <= 00005b8b
                 580@000030d0: $21 <= 00000000
                 590@000030d4: $20 <= e1060000
                 600@000030d8: $22 <= d4f50000
                 610@000030dc: $20 <= 37a50000
                 620@000030e0: $21 <= 00000f53
                 620@000030e4: *0000098c <= d4f50000
                 640@000030e8: $20 <= 65a90000
                 650@000030ec: $20 <= 65a90f53
                 660@000030f0: $21 <= 65a9af57
                 680@000030f8: $22 <= 3a9eaf57
                 690@000030fc: $21 <= 000009e3
                 690@00003100: *00001d90 <= 65a90f53
                 710@00003104: $ 1 <= 00000001
                 720@00003108: $ 4 <= 00000001
                 730@0000310c: $ 1 <= 0000000a
                 760@00003114: $21 <= 00002446
                 770@00003118: $21 <= 00000000
                 780@0000311c: $31 <= 00003124
                 790@00003120: $21 <= 65a9cf77
                 810@00003008: $21 <= 34e20000
                 820@0000300c: $22 <= 00005db7
                 820@00003010: *00002704 <= 00005db7
                 840@00003014: $22 <= 00001064
                 840@00003018: *00000c8c <= 34e20000
                 880@00003024: $20 <= 000010b0
                 890@00003028: $22 <= 00000000
                 910@0000302c: $20 <= cb1e0000
                 920@00003030: $21 <= 34e20000
                 930@00003034: $20 <= cb1e2ecd
                 940@00003038: $22 <= cb1eaffd
                 960@00003040: $22 <= 00006907
                 960@00003044: *00002ab4 <= 34e20000
                 980@00003048: $22 <= 0000d20e
