Running: C:\Xilinx\14.7\ISE_DS\ISE\bin\nt64\unwrapped\fuse.exe -nodebug -prj mips.prj -o mips.exe generated_mips_test 
ISim P.20131013 (signature 0x7708f090)
Number of CPUs detected in this system: 20
Turning on mult-threading, number of parallel sub-compilation jobs: 40 
Determining compilation order of HDL files
Analyzing Verilog file "C:\Users\Aron_\Desktop\lessons\SecondYear1\CO\Verilog_Project\P6_L0_weak_2023_FASTER/ALU.v" into library work
Analyzing Verilog file "C:\Users\Aron_\Desktop\lessons\SecondYear1\CO\Verilog_Project\P6_L0_weak_2023_FASTER/CMP.v" into library work
Analyzing Verilog file "C:\Users\Aron_\Desktop\lessons\SecondYear1\CO\Verilog_Project\P6_L0_weak_2023_FASTER/Controller.v" into library work
Analyzing Verilog file "C:\Users\Aron_\Desktop\lessons\SecondYear1\CO\Verilog_Project\P6_L0_weak_2023_FASTER/DM.v" into library work
Analyzing Verilog file "C:\Users\Aron_\Desktop\lessons\SecondYear1\CO\Verilog_Project\P6_L0_weak_2023_FASTER/D_REG.v" into library work
Analyzing Verilog file "C:\Users\Aron_\Desktop\lessons\SecondYear1\CO\Verilog_Project\P6_L0_weak_2023_FASTER/EXT.v" into library work
Analyzing Verilog file "C:\Users\Aron_\Desktop\lessons\SecondYear1\CO\Verilog_Project\P6_L0_weak_2023_FASTER/E_REG.v" into library work
Analyzing Verilog file "C:\Users\Aron_\Desktop\lessons\SecondYear1\CO\Verilog_Project\P6_L0_weak_2023_FASTER/generated_mips_test.v" into library work
Analyzing Verilog file "C:\Users\Aron_\Desktop\lessons\SecondYear1\CO\Verilog_Project\P6_L0_weak_2023_FASTER/GRF.v" into library work
Analyzing Verilog file "C:\Users\Aron_\Desktop\lessons\SecondYear1\CO\Verilog_Project\P6_L0_weak_2023_FASTER/IFU.v" into library work
Analyzing Verilog file "C:\Users\Aron_\Desktop\lessons\SecondYear1\CO\Verilog_Project\P6_L0_weak_2023_FASTER/InStrType.v" into library work
Analyzing Verilog file "C:\Users\Aron_\Desktop\lessons\SecondYear1\CO\Verilog_Project\P6_L0_weak_2023_FASTER/mips.v" into library work
Analyzing Verilog file "C:\Users\Aron_\Desktop\lessons\SecondYear1\CO\Verilog_Project\P6_L0_weak_2023_FASTER/mips_tb.v" into library work
Analyzing Verilog file "C:\Users\Aron_\Desktop\lessons\SecondYear1\CO\Verilog_Project\P6_L0_weak_2023_FASTER/MUDI.v" into library work
Analyzing Verilog file "C:\Users\Aron_\Desktop\lessons\SecondYear1\CO\Verilog_Project\P6_L0_weak_2023_FASTER/M_REG.v" into library work
Analyzing Verilog file "C:\Users\Aron_\Desktop\lessons\SecondYear1\CO\Verilog_Project\P6_L0_weak_2023_FASTER/NPC.v" into library work
Analyzing Verilog file "C:\Users\Aron_\Desktop\lessons\SecondYear1\CO\Verilog_Project\P6_L0_weak_2023_FASTER/STALL.v" into library work
Analyzing Verilog file "C:\Users\Aron_\Desktop\lessons\SecondYear1\CO\Verilog_Project\P6_L0_weak_2023_FASTER/W_REG.v" into library work
Starting static elaboration
Completed static elaboration
Compiling module IFU
Compiling module NPC
Compiling module D_REG
Compiling module Controller
Compiling module EXT
Compiling module GRF
Compiling module CMP
Compiling module E_REG
Compiling module ALU
Compiling module MUDI
Compiling module M_REG
Compiling module DM
Compiling module W_REG
Compiling module STALL
Compiling module mips
Compiling module generated_mips_test
Time Resolution for simulation is 1ps.
Compiled 16 Verilog Units
Built simulation executable mips.exe
Fuse Memory Usage: 34132 KB
Fuse CPU Usage: 421 ms
